TriggerResults__HLT. / edm::Wrapper<edm::TriggerResults>
hltTriggerSummaryAOD__HLT. / edm::Wrapper<trigger::TriggerEvent>
hcalnoise__RECO. / edm::Wrapper<HcalNoiseSummary>
gtDigis__RECO. / edm::Wrapper<L1GlobalTriggerReadoutRecord>
gtDigis__RECO. / edm::Wrapper<L1MuGMTReadoutCollection>
ctfPixelLess__RECO. / edm::Wrapper<edm::AssociationMap<edm::OneToOne<vector<Trajectory>,vector<reco::Track>,unsigned short> > >
hybridSuperClusters_hybridShapeAssoc_RECO. / edm::Wrapper<edm::AssociationMap<edm::OneToOne<vector<reco::CaloCluster>,vector<reco::ClusterShape>,unsigned int> > >
multi5x5BasicClusters_multi5x5BarrelShapeAssoc_RECO. / edm::Wrapper<edm::AssociationMap<edm::OneToOne<vector<reco::CaloCluster>,vector<reco::ClusterShape>,unsigned int> > >
multi5x5BasicClusters_multi5x5EndcapShapeAssoc_RECO. / edm::Wrapper<edm::AssociationMap<edm::OneToOne<vector<reco::CaloCluster>,vector<reco::ClusterShape>,unsigned int> > >
hfEMClusters__RECO. / edm::Wrapper<edm::AssociationMap<edm::OneToOne<vector<reco::SuperCluster>,vector<reco::HFEMClusterShape>,unsigned int> > >
tevMuons_default_RECO. / edm::Wrapper<edm::AssociationMap<edm::OneToOne<vector<reco::Track>,vector<reco::Track>,unsigned int> > >
tevMuons_firstHit_RECO. / edm::Wrapper<edm::AssociationMap<edm::OneToOne<vector<reco::Track>,vector<reco::Track>,unsigned int> > >
tevMuons_picky_RECO. / edm::Wrapper<edm::AssociationMap<edm::OneToOne<vector<reco::Track>,vector<reco::Track>,unsigned int> > >
ak5JetTracksAssociatorAtCaloFace__RECO. / edm::Wrapper<edm::AssociationVector<edm::RefToBaseProd<reco::Jet>,vector<edm::RefVector<vector<reco::Track>,reco::Track,edm::refhelper::FindUsingAdvance<vector<reco::Track>,reco::Track> > >,edm::RefToBase<reco::Jet>,unsigned int,edm::helper::AssociationIdenticalKeyReference> >
ak5JetTracksAssociatorAtVertex__RECO. / edm::Wrapper<edm::AssociationVector<edm::RefToBaseProd<reco::Jet>,vector<edm::RefVector<vector<reco::Track>,reco::Track,edm::refhelper::FindUsingAdvance<vector<reco::Track>,reco::Track> > >,edm::RefToBase<reco::Jet>,unsigned int,edm::helper::AssociationIdenticalKeyReference> >
ak7JetTracksAssociatorAtCaloFace__RECO. / edm::Wrapper<edm::AssociationVector<edm::RefToBaseProd<reco::Jet>,vector<edm::RefVector<vector<reco::Track>,reco::Track,edm::refhelper::FindUsingAdvance<vector<reco::Track>,reco::Track> > >,edm::RefToBase<reco::Jet>,unsigned int,edm::helper::AssociationIdenticalKeyReference> >
ak7JetTracksAssociatorAtVertex__RECO. / edm::Wrapper<edm::AssociationVector<edm::RefToBaseProd<reco::Jet>,vector<edm::RefVector<vector<reco::Track>,reco::Track,edm::refhelper::FindUsingAdvance<vector<reco::Track>,reco::Track> > >,edm::RefToBase<reco::Jet>,unsigned int,edm::helper::AssociationIdenticalKeyReference> >
ic5JetTracksAssociatorAtVertex__RECO. / edm::Wrapper<edm::AssociationVector<edm::RefToBaseProd<reco::Jet>,vector<edm::RefVector<vector<reco::Track>,reco::Track,edm::refhelper::FindUsingAdvance<vector<reco::Track>,reco::Track> > >,edm::RefToBase<reco::Jet>,unsigned int,edm::helper::AssociationIdenticalKeyReference> >
iterativeCone5JetTracksAssociatorAtCaloFace__RECO. / edm::Wrapper<edm::AssociationVector<edm::RefToBaseProd<reco::Jet>,vector<edm::RefVector<vector<reco::Track>,reco::Track,edm::refhelper::FindUsingAdvance<vector<reco::Track>,reco::Track> > >,edm::RefToBase<reco::Jet>,unsigned int,edm::helper::AssociationIdenticalKeyReference> >
iterativeCone5JetTracksAssociatorAtVertex__RECO. / edm::Wrapper<edm::AssociationVector<edm::RefToBaseProd<reco::Jet>,vector<edm::RefVector<vector<reco::Track>,reco::Track,edm::refhelper::FindUsingAdvance<vector<reco::Track>,reco::Track> > >,edm::RefToBase<reco::Jet>,unsigned int,edm::helper::AssociationIdenticalKeyReference> >
kt4JetTracksAssociatorAtCaloFace__RECO. / edm::Wrapper<edm::AssociationVector<edm::RefToBaseProd<reco::Jet>,vector<edm::RefVector<vector<reco::Track>,reco::Track,edm::refhelper::FindUsingAdvance<vector<reco::Track>,reco::Track> > >,edm::RefToBase<reco::Jet>,unsigned int,edm::helper::AssociationIdenticalKeyReference> >
kt4JetTracksAssociatorAtVertex__RECO. / edm::Wrapper<edm::AssociationVector<edm::RefToBaseProd<reco::Jet>,vector<edm::RefVector<vector<reco::Track>,reco::Track,edm::refhelper::FindUsingAdvance<vector<reco::Track>,reco::Track> > >,edm::RefToBase<reco::Jet>,unsigned int,edm::helper::AssociationIdenticalKeyReference> >
sisCone5JetTracksAssociatorAtCaloFace__RECO. / edm::Wrapper<edm::AssociationVector<edm::RefToBaseProd<reco::Jet>,vector<edm::RefVector<vector<reco::Track>,reco::Track,edm::refhelper::FindUsingAdvance<vector<reco::Track>,reco::Track> > >,edm::RefToBase<reco::Jet>,unsigned int,edm::helper::AssociationIdenticalKeyReference> >
sisCone5JetTracksAssociatorAtVertex__RECO. / edm::Wrapper<edm::AssociationVector<edm::RefToBaseProd<reco::Jet>,vector<edm::RefVector<vector<reco::Track>,reco::Track,edm::refhelper::FindUsingAdvance<vector<reco::Track>,reco::Track> > >,edm::RefToBase<reco::Jet>,unsigned int,edm::helper::AssociationIdenticalKeyReference> >
combinedSecondaryVertexBJetTags__RECO. / edm::Wrapper<edm::AssociationVector<edm::RefToBaseProd<reco::Jet>,vector<float>,edm::RefToBase<reco::Jet>,unsigned int,edm::helper::AssociationIdenticalKeyReference> >
combinedSecondaryVertexMVABJetTags__RECO. / edm::Wrapper<edm::AssociationVector<edm::RefToBaseProd<reco::Jet>,vector<float>,edm::RefToBase<reco::Jet>,unsigned int,edm::helper::AssociationIdenticalKeyReference> >
jetBProbabilityBJetTags__RECO. / edm::Wrapper<edm::AssociationVector<edm::RefToBaseProd<reco::Jet>,vector<float>,edm::RefToBase<reco::Jet>,unsigned int,edm::helper::AssociationIdenticalKeyReference> >
jetProbabilityBJetTags__RECO. / edm::Wrapper<edm::AssociationVector<edm::RefToBaseProd<reco::Jet>,vector<float>,edm::RefToBase<reco::Jet>,unsigned int,edm::helper::AssociationIdenticalKeyReference> >
simpleSecondaryVertexBJetTags__RECO. / edm::Wrapper<edm::AssociationVector<edm::RefToBaseProd<reco::Jet>,vector<float>,edm::RefToBase<reco::Jet>,unsigned int,edm::helper::AssociationIdenticalKeyReference> >
softElectronByIP3dBJetTags__RECO. / edm::Wrapper<edm::AssociationVector<edm::RefToBaseProd<reco::Jet>,vector<float>,edm::RefToBase<reco::Jet>,unsigned int,edm::helper::AssociationIdenticalKeyReference> >
softElectronByPtBJetTags__RECO. / edm::Wrapper<edm::AssociationVector<edm::RefToBaseProd<reco::Jet>,vector<float>,edm::RefToBase<reco::Jet>,unsigned int,edm::helper::AssociationIdenticalKeyReference> >
softMuonBJetTags__RECO. / edm::Wrapper<edm::AssociationVector<edm::RefToBaseProd<reco::Jet>,vector<float>,edm::RefToBase<reco::Jet>,unsigned int,edm::helper::AssociationIdenticalKeyReference> >
softMuonByIP3dBJetTags__RECO. / edm::Wrapper<edm::AssociationVector<edm::RefToBaseProd<reco::Jet>,vector<float>,edm::RefToBase<reco::Jet>,unsigned int,edm::helper::AssociationIdenticalKeyReference> >
softMuonByPtBJetTags__RECO. / edm::Wrapper<edm::AssociationVector<edm::RefToBaseProd<reco::Jet>,vector<float>,edm::RefToBase<reco::Jet>,unsigned int,edm::helper::AssociationIdenticalKeyReference> >
trackCountingHighEffBJetTags__RECO. / edm::Wrapper<edm::AssociationVector<edm::RefToBaseProd<reco::Jet>,vector<float>,edm::RefToBase<reco::Jet>,unsigned int,edm::helper::AssociationIdenticalKeyReference> >
trackCountingHighPurBJetTags__RECO. / edm::Wrapper<edm::AssociationVector<edm::RefToBaseProd<reco::Jet>,vector<float>,edm::RefToBase<reco::Jet>,unsigned int,edm::helper::AssociationIdenticalKeyReference> >
ak5JetExtender__RECO. / edm::Wrapper<edm::AssociationVector<edm::RefToBaseProd<reco::Jet>,vector<reco::JetExtendedAssociation::JetExtendedData>,edm::RefToBase<reco::Jet>,unsigned int,edm::helper::AssociationIdenticalKeyReference> >
ak7JetExtender__RECO. / edm::Wrapper<edm::AssociationVector<edm::RefToBaseProd<reco::Jet>,vector<reco::JetExtendedAssociation::JetExtendedData>,edm::RefToBase<reco::Jet>,unsigned int,edm::helper::AssociationIdenticalKeyReference> >
iterativeCone5JetExtender__RECO. / edm::Wrapper<edm::AssociationVector<edm::RefToBaseProd<reco::Jet>,vector<reco::JetExtendedAssociation::JetExtendedData>,edm::RefToBase<reco::Jet>,unsigned int,edm::helper::AssociationIdenticalKeyReference> >
kt4JetExtender__RECO. / edm::Wrapper<edm::AssociationVector<edm::RefToBaseProd<reco::Jet>,vector<reco::JetExtendedAssociation::JetExtendedData>,edm::RefToBase<reco::Jet>,unsigned int,edm::helper::AssociationIdenticalKeyReference> >
sisCone5JetExtender__RECO. / edm::Wrapper<edm::AssociationVector<edm::RefToBaseProd<reco::Jet>,vector<reco::JetExtendedAssociation::JetExtendedData>,edm::RefToBase<reco::Jet>,unsigned int,edm::helper::AssociationIdenticalKeyReference> >
siStripDigis__RECO. / edm::Wrapper<edm::EDCollection<DetId> >
ckfInOutTracksFromConversions__RECO. / edm::Wrapper<edm::OwnVector<TrackingRecHit,edm::ClonePolicy<TrackingRecHit> > >
ckfOutInTracksFromConversions__RECO. / edm::Wrapper<edm::OwnVector<TrackingRecHit,edm::ClonePolicy<TrackingRecHit> > >
cosmicMuons__RECO. / edm::Wrapper<edm::OwnVector<TrackingRecHit,edm::ClonePolicy<TrackingRecHit> > >
ctfPixelLess__RECO. / edm::Wrapper<edm::OwnVector<TrackingRecHit,edm::ClonePolicy<TrackingRecHit> > >
electronGsfTracks__RECO. / edm::Wrapper<edm::OwnVector<TrackingRecHit,edm::ClonePolicy<TrackingRecHit> > >
generalTracks__RECO. / edm::Wrapper<edm::OwnVector<TrackingRecHit,edm::ClonePolicy<TrackingRecHit> > >
globalCosmicMuons__RECO. / edm::Wrapper<edm::OwnVector<TrackingRecHit,edm::ClonePolicy<TrackingRecHit> > >
globalMuons__RECO. / edm::Wrapper<edm::OwnVector<TrackingRecHit,edm::ClonePolicy<TrackingRecHit> > >
pixelTracks__RECO. / edm::Wrapper<edm::OwnVector<TrackingRecHit,edm::ClonePolicy<TrackingRecHit> > >
standAloneMuons__RECO. / edm::Wrapper<edm::OwnVector<TrackingRecHit,edm::ClonePolicy<TrackingRecHit> > >
tevMuons_default_RECO. / edm::Wrapper<edm::OwnVector<TrackingRecHit,edm::ClonePolicy<TrackingRecHit> > >
tevMuons_firstHit_RECO. / edm::Wrapper<edm::OwnVector<TrackingRecHit,edm::ClonePolicy<TrackingRecHit> > >
tevMuons_picky_RECO. / edm::Wrapper<edm::OwnVector<TrackingRecHit,edm::ClonePolicy<TrackingRecHit> > >
csc2DRecHits__RECO. / edm::Wrapper<edm::RangeMap<CSCDetId,edm::OwnVector<CSCRecHit2D,edm::ClonePolicy<CSCRecHit2D> >,edm::ClonePolicy<CSCRecHit2D> > >
cscSegments__RECO. / edm::Wrapper<edm::RangeMap<CSCDetId,edm::OwnVector<CSCSegment,edm::ClonePolicy<CSCSegment> >,edm::ClonePolicy<CSCSegment> > >
dt4DSegments__RECO. / edm::Wrapper<edm::RangeMap<DTChamberId,edm::OwnVector<DTRecSegment4D,edm::ClonePolicy<DTRecSegment4D> >,edm::ClonePolicy<DTRecSegment4D> > >
dt1DRecHits__RECO. / edm::Wrapper<edm::RangeMap<DTLayerId,edm::OwnVector<DTRecHit1DPair,edm::ClonePolicy<DTRecHit1DPair> >,edm::ClonePolicy<DTRecHit1DPair> > >
rpcRecHits__RECO. / edm::Wrapper<edm::RangeMap<RPCDetId,edm::OwnVector<RPCRecHit,edm::ClonePolicy<RPCRecHit> >,edm::ClonePolicy<RPCRecHit> > >
towerMaker__RECO. / edm::Wrapper<edm::SortedCollection<CaloTower,edm::StrictWeakOrdering<CaloTower> > >
ecalDigis__RECO. / edm::Wrapper<edm::SortedCollection<EBSrFlag,edm::StrictWeakOrdering<EBSrFlag> > >
ecalDigis__RECO. / edm::Wrapper<edm::SortedCollection<EESrFlag,edm::StrictWeakOrdering<EESrFlag> > >
reducedEcalRecHitsEB__RECO. / edm::Wrapper<edm::SortedCollection<EcalRecHit,edm::StrictWeakOrdering<EcalRecHit> > >
reducedEcalRecHitsEE__RECO. / edm::Wrapper<edm::SortedCollection<EcalRecHit,edm::StrictWeakOrdering<EcalRecHit> > >
ecalRecHit_EcalRecHitsEB_RECO. / edm::Wrapper<edm::SortedCollection<EcalRecHit,edm::StrictWeakOrdering<EcalRecHit> > >
ecalRecHit_EcalRecHitsEE_RECO. / edm::Wrapper<edm::SortedCollection<EcalRecHit,edm::StrictWeakOrdering<EcalRecHit> > >
ecalPreshowerRecHit_EcalRecHitsES_RECO. / edm::Wrapper<edm::SortedCollection<EcalRecHit,edm::StrictWeakOrdering<EcalRecHit> > >
hbhereco__RECO. / edm::Wrapper<edm::SortedCollection<HBHERecHit,edm::StrictWeakOrdering<HBHERecHit> > >
hfreco__RECO. / edm::Wrapper<edm::SortedCollection<HFRecHit,edm::StrictWeakOrdering<HFRecHit> > >
horeco__RECO. / edm::Wrapper<edm::SortedCollection<HORecHit,edm::StrictWeakOrdering<HORecHit> > >
TriggerResults__RECO. / edm::Wrapper<edm::TriggerResults>
muidAllArbitrated__RECO. / edm::Wrapper<edm::ValueMap<bool> >
muidGMStaChiCompatibility__RECO. / edm::Wrapper<edm::ValueMap<bool> >
muidGMTkChiCompatibility__RECO. / edm::Wrapper<edm::ValueMap<bool> >
muidGMTkKinkTight__RECO. / edm::Wrapper<edm::ValueMap<bool> >
muidGlobalMuonPromptTight__RECO. / edm::Wrapper<edm::ValueMap<bool> >
muidTM2DCompatibilityLoose__RECO. / edm::Wrapper<edm::ValueMap<bool> >
muidTM2DCompatibilityTight__RECO. / edm::Wrapper<edm::ValueMap<bool> >
muidTMLastStationLoose__RECO. / edm::Wrapper<edm::ValueMap<bool> >
muidTMLastStationOptimizedLowPtLoose__RECO. / edm::Wrapper<edm::ValueMap<bool> >
muidTMLastStationOptimizedLowPtTight__RECO. / edm::Wrapper<edm::ValueMap<bool> >
muidTMLastStationTight__RECO. / edm::Wrapper<edm::ValueMap<bool> >
muidTMOneStationLoose__RECO. / edm::Wrapper<edm::ValueMap<bool> >
muidTMOneStationTight__RECO. / edm::Wrapper<edm::ValueMap<bool> >
muidTrackerMuonArbitrated__RECO. / edm::Wrapper<edm::ValueMap<bool> >
PhotonIDProd_PhotonCutBasedIDLoose_RECO. / edm::Wrapper<edm::ValueMap<bool> >
PhotonIDProd_PhotonCutBasedIDTight_RECO. / edm::Wrapper<edm::ValueMap<bool> >
pfElectronTranslator_pf_RECO. / edm::Wrapper<edm::ValueMap<edm::Ref<vector<reco::SuperCluster>,reco::SuperCluster,edm::refhelper::FindUsingAdvance<vector<reco::SuperCluster>,reco::SuperCluster> > > >
eidLoose__RECO. / edm::Wrapper<edm::ValueMap<float> >
eidRobustHighEnergy__RECO. / edm::Wrapper<edm::ValueMap<float> >
eidRobustLoose__RECO. / edm::Wrapper<edm::ValueMap<float> >
eidRobustTight__RECO. / edm::Wrapper<edm::ValueMap<float> >
eidTight__RECO. / edm::Wrapper<edm::ValueMap<float> >
pfElectronTranslator_pf_RECO. / edm::Wrapper<edm::ValueMap<float> >
dedxHarmonic2__RECO. / edm::Wrapper<edm::ValueMap<reco::DeDxData> >
dedxMedian__RECO. / edm::Wrapper<edm::ValueMap<reco::DeDxData> >
dedxTruncated40__RECO. / edm::Wrapper<edm::ValueMap<reco::DeDxData> >
muIsoDepositJets__RECO. / edm::Wrapper<edm::ValueMap<reco::IsoDeposit> >
muIsoDepositTk__RECO. / edm::Wrapper<edm::ValueMap<reco::IsoDeposit> >
muIsoDepositCalByAssociatorTowers_ecal_RECO. / edm::Wrapper<edm::ValueMap<reco::IsoDeposit> >
muIsoDepositCalByAssociatorTowers_hcal_RECO. / edm::Wrapper<edm::ValueMap<reco::IsoDeposit> >
muIsoDepositCalByAssociatorTowers_ho_RECO. / edm::Wrapper<edm::ValueMap<reco::IsoDeposit> >
ak5JetID__RECO. / edm::Wrapper<edm::ValueMap<reco::JetID> >
ak7JetID__RECO. / edm::Wrapper<edm::ValueMap<reco::JetID> >
ic5JetID__RECO. / edm::Wrapper<edm::ValueMap<reco::JetID> >
kt4JetID__RECO. / edm::Wrapper<edm::ValueMap<reco::JetID> >
kt6JetID__RECO. / edm::Wrapper<edm::ValueMap<reco::JetID> >
sc5JetID__RECO. / edm::Wrapper<edm::ValueMap<reco::JetID> >
sc7JetID__RECO. / edm::Wrapper<edm::ValueMap<reco::JetID> >
muonMETValueMapProducer_muCorrData_RECO. / edm::Wrapper<edm::ValueMap<reco::MuonMETCorrectionData> >
muonTCMETValueMapProducer_muCorrData_RECO. / edm::Wrapper<edm::ValueMap<reco::MuonMETCorrectionData> >
muons_combined_RECO. / edm::Wrapper<edm::ValueMap<reco::MuonTimeExtra> >
muons_csc_RECO. / edm::Wrapper<edm::ValueMap<reco::MuonTimeExtra> >
muons_dt_RECO. / edm::Wrapper<edm::ValueMap<reco::MuonTimeExtra> >
siPixelClusters__RECO. / edm::Wrapper<edmNew::DetSetVector<SiPixelCluster> >
siStripClusters__RECO. / edm::Wrapper<edmNew::DetSetVector<SiStripCluster> >
offlineBeamSpot__RECO. / edm::Wrapper<reco::BeamSpot>
caloRecoTauDiscriminationAgainstElectron__RECO. / edm::Wrapper<reco::CaloTauDiscriminator>
caloRecoTauDiscriminationByIsolation__RECO. / edm::Wrapper<reco::CaloTauDiscriminator>
caloRecoTauDiscriminationByLeadingTrackFinding__RECO. / edm::Wrapper<reco::CaloTauDiscriminator>
caloRecoTauDiscriminationByLeadingTrackPtCut__RECO. / edm::Wrapper<reco::CaloTauDiscriminator>
fixedConeHighEffPFTauDiscriminationAgainstElectron__RECO. / edm::Wrapper<reco::PFTauDiscriminator>
fixedConeHighEffPFTauDiscriminationAgainstMuon__RECO. / edm::Wrapper<reco::PFTauDiscriminator>
fixedConeHighEffPFTauDiscriminationByECALIsolation__RECO. / edm::Wrapper<reco::PFTauDiscriminator>
fixedConeHighEffPFTauDiscriminationByECALIsolationUsingLeadingPion__RECO. / edm::Wrapper<reco::PFTauDiscriminator>
fixedConeHighEffPFTauDiscriminationByIsolation__RECO. / edm::Wrapper<reco::PFTauDiscriminator>
fixedConeHighEffPFTauDiscriminationByIsolationUsingLeadingPion__RECO. / edm::Wrapper<reco::PFTauDiscriminator>
fixedConeHighEffPFTauDiscriminationByLeadingPionPtCut__RECO. / edm::Wrapper<reco::PFTauDiscriminator>
fixedConeHighEffPFTauDiscriminationByLeadingTrackFinding__RECO. / edm::Wrapper<reco::PFTauDiscriminator>
fixedConeHighEffPFTauDiscriminationByLeadingTrackPtCut__RECO. / edm::Wrapper<reco::PFTauDiscriminator>
fixedConeHighEffPFTauDiscriminationByTrackIsolation__RECO. / edm::Wrapper<reco::PFTauDiscriminator>
fixedConeHighEffPFTauDiscriminationByTrackIsolationUsingLeadingPion__RECO. / edm::Wrapper<reco::PFTauDiscriminator>
fixedConePFTauDiscriminationAgainstElectron__RECO. / edm::Wrapper<reco::PFTauDiscriminator>
fixedConePFTauDiscriminationAgainstMuon__RECO. / edm::Wrapper<reco::PFTauDiscriminator>
fixedConePFTauDiscriminationByECALIsolation__RECO. / edm::Wrapper<reco::PFTauDiscriminator>
fixedConePFTauDiscriminationByECALIsolationUsingLeadingPion__RECO. / edm::Wrapper<reco::PFTauDiscriminator>
fixedConePFTauDiscriminationByIsolation__RECO. / edm::Wrapper<reco::PFTauDiscriminator>
fixedConePFTauDiscriminationByIsolationUsingLeadingPion__RECO. / edm::Wrapper<reco::PFTauDiscriminator>
fixedConePFTauDiscriminationByLeadingPionPtCut__RECO. / edm::Wrapper<reco::PFTauDiscriminator>
fixedConePFTauDiscriminationByLeadingTrackFinding__RECO. / edm::Wrapper<reco::PFTauDiscriminator>
fixedConePFTauDiscriminationByLeadingTrackPtCut__RECO. / edm::Wrapper<reco::PFTauDiscriminator>
fixedConePFTauDiscriminationByTrackIsolation__RECO. / edm::Wrapper<reco::PFTauDiscriminator>
fixedConePFTauDiscriminationByTrackIsolationUsingLeadingPion__RECO. / edm::Wrapper<reco::PFTauDiscriminator>
shrinkingConePFTauDecayModeIndexProducer__RECO. / edm::Wrapper<reco::PFTauDiscriminator>
shrinkingConePFTauDiscriminationAgainstElectron__RECO. / edm::Wrapper<reco::PFTauDiscriminator>
shrinkingConePFTauDiscriminationAgainstMuon__RECO. / edm::Wrapper<reco::PFTauDiscriminator>
shrinkingConePFTauDiscriminationByECALIsolation__RECO. / edm::Wrapper<reco::PFTauDiscriminator>
shrinkingConePFTauDiscriminationByECALIsolationUsingLeadingPion__RECO. / edm::Wrapper<reco::PFTauDiscriminator>
shrinkingConePFTauDiscriminationByIsolation__RECO. / edm::Wrapper<reco::PFTauDiscriminator>
shrinkingConePFTauDiscriminationByIsolationUsingLeadingPion__RECO. / edm::Wrapper<reco::PFTauDiscriminator>
shrinkingConePFTauDiscriminationByLeadingPionPtCut__RECO. / edm::Wrapper<reco::PFTauDiscriminator>
shrinkingConePFTauDiscriminationByLeadingTrackFinding__RECO. / edm::Wrapper<reco::PFTauDiscriminator>
shrinkingConePFTauDiscriminationByLeadingTrackPtCut__RECO. / edm::Wrapper<reco::PFTauDiscriminator>
shrinkingConePFTauDiscriminationByTaNC__RECO. / edm::Wrapper<reco::PFTauDiscriminator>
shrinkingConePFTauDiscriminationByTaNCfrHalfPercent__RECO. / edm::Wrapper<reco::PFTauDiscriminator>
shrinkingConePFTauDiscriminationByTaNCfrOnePercent__RECO. / edm::Wrapper<reco::PFTauDiscriminator>
shrinkingConePFTauDiscriminationByTaNCfrQuarterPercent__RECO. / edm::Wrapper<reco::PFTauDiscriminator>
shrinkingConePFTauDiscriminationByTaNCfrTenthPercent__RECO. / edm::Wrapper<reco::PFTauDiscriminator>
shrinkingConePFTauDiscriminationByTrackIsolation__RECO. / edm::Wrapper<reco::PFTauDiscriminator>
shrinkingConePFTauDiscriminationByTrackIsolationUsingLeadingPion__RECO. / edm::Wrapper<reco::PFTauDiscriminator>
scalersRawToDigi__RECO. / edm::Wrapper<vector<BeamSpotOnline> >
scalersRawToDigi__RECO. / edm::Wrapper<vector<DcsStatus> >
scalersRawToDigi__RECO. / edm::Wrapper<vector<L1AcceptBunchCrossing> >
gctDigis_isoEm_RECO. / edm::Wrapper<vector<L1GctEmCand> >
gctDigis_nonIsoEm_RECO. / edm::Wrapper<vector<L1GctEmCand> >
gctDigis__RECO. / edm::Wrapper<vector<L1GctEtHad> >
gctDigis__RECO. / edm::Wrapper<vector<L1GctEtMiss> >
gctDigis__RECO. / edm::Wrapper<vector<L1GctEtTotal> >
gctDigis__RECO. / edm::Wrapper<vector<L1GctHFBitCounts> >
gctDigis__RECO. / edm::Wrapper<vector<L1GctHFRingEtSums> >
gctDigis__RECO. / edm::Wrapper<vector<L1GctHtMiss> >
gctDigis_cenJets_RECO. / edm::Wrapper<vector<L1GctJetCand> >
gctDigis_forJets_RECO. / edm::Wrapper<vector<L1GctJetCand> >
gctDigis_tauJets_RECO. / edm::Wrapper<vector<L1GctJetCand> >
gctDigis__RECO. / edm::Wrapper<vector<L1GctJetCounts> >
scalersRawToDigi__RECO. / edm::Wrapper<vector<L1TriggerScalers> >
scalersRawToDigi__RECO. / edm::Wrapper<vector<Level1TriggerScalers> >
scalersRawToDigi__RECO. / edm::Wrapper<vector<LumiScalers> >
CosmicMuonSeed__RECO. / edm::Wrapper<vector<TrajectorySeed> >
SETMuonSeed__RECO. / edm::Wrapper<vector<TrajectorySeed> >
ancientMuonSeed__RECO. / edm::Wrapper<vector<TrajectorySeed> >
logErrorHarvester__RECO. / edm::Wrapper<vector<edm::ErrorSummaryEntry> >
l1extraParticles_Isolated_RECO. / edm::Wrapper<vector<l1extra::L1EmParticle> >
l1extraParticles_NonIsolated_RECO. / edm::Wrapper<vector<l1extra::L1EmParticle> >
l1extraParticles_MET_RECO. / edm::Wrapper<vector<l1extra::L1EtMissParticle> >
l1extraParticles_MHT_RECO. / edm::Wrapper<vector<l1extra::L1EtMissParticle> >
l1extraParticles__RECO. / edm::Wrapper<vector<l1extra::L1HFRings> >
l1extraParticles_Central_RECO. / edm::Wrapper<vector<l1extra::L1JetParticle> >
l1extraParticles_Forward_RECO. / edm::Wrapper<vector<l1extra::L1JetParticle> >
l1extraParticles_Tau_RECO. / edm::Wrapper<vector<l1extra::L1JetParticle> >
l1extraParticles__RECO. / edm::Wrapper<vector<l1extra::L1MuonParticle> >
hfEMClusters__RECO. / edm::Wrapper<vector<reco::CaloCluster> >
hybridSuperClusters_hybridBarrelBasicClusters_RECO. / edm::Wrapper<vector<reco::CaloCluster> >
multi5x5BasicClusters_multi5x5BarrelBasicClusters_RECO. / edm::Wrapper<vector<reco::CaloCluster> >
multi5x5BasicClusters_multi5x5EndcapBasicClusters_RECO. / edm::Wrapper<vector<reco::CaloCluster> >
pfElectronTranslator_pf_RECO. / edm::Wrapper<vector<reco::CaloCluster> >
ak5CaloJets__RECO. / edm::Wrapper<vector<reco::CaloJet> >
ak7CaloJets__RECO. / edm::Wrapper<vector<reco::CaloJet> >
iterativeCone5CaloJets__RECO. / edm::Wrapper<vector<reco::CaloJet> >
kt4CaloJets__RECO. / edm::Wrapper<vector<reco::CaloJet> >
kt6CaloJets__RECO. / edm::Wrapper<vector<reco::CaloJet> >
sisCone5CaloJets__RECO. / edm::Wrapper<vector<reco::CaloJet> >
sisCone7CaloJets__RECO. / edm::Wrapper<vector<reco::CaloJet> >
corMetGlobalMuons__RECO. / edm::Wrapper<vector<reco::CaloMET> >
met__RECO. / edm::Wrapper<vector<reco::CaloMET> >
metHO__RECO. / edm::Wrapper<vector<reco::CaloMET> >
metNoHF__RECO. / edm::Wrapper<vector<reco::CaloMET> >
metNoHFHO__RECO. / edm::Wrapper<vector<reco::CaloMET> >
metOpt__RECO. / edm::Wrapper<vector<reco::CaloMET> >
metOptHO__RECO. / edm::Wrapper<vector<reco::CaloMET> >
metOptNoHF__RECO. / edm::Wrapper<vector<reco::CaloMET> >
metOptNoHFHO__RECO. / edm::Wrapper<vector<reco::CaloMET> >
calomuons__RECO. / edm::Wrapper<vector<reco::CaloMuon> >
caloRecoTauProducer__RECO. / edm::Wrapper<vector<reco::CaloTau> >
caloRecoTauTagInfoProducer__RECO. / edm::Wrapper<vector<reco::CaloTauTagInfo> >
conversions__RECO. / edm::Wrapper<vector<reco::Conversion> >
trackerOnlyConversions__RECO. / edm::Wrapper<vector<reco::Conversion> >
electronMergedSeeds__RECO. / edm::Wrapper<vector<reco::ElectronSeed> >
gsfElectrons__RECO. / edm::Wrapper<vector<reco::GsfElectron> >
softPFElectrons__RECO. / edm::Wrapper<vector<reco::GsfElectron> >
gsfElectronCores__RECO. / edm::Wrapper<vector<reco::GsfElectronCore> >
electronGsfTracks__RECO. / edm::Wrapper<vector<reco::GsfTrack> >
electronGsfTracks__RECO. / edm::Wrapper<vector<reco::GsfTrackExtra> >
hfEMClusters__RECO. / edm::Wrapper<vector<reco::HFEMClusterShape> >
hcalnoise__RECO. / edm::Wrapper<vector<reco::HcalNoiseRBX> >
htMetIC5__RECO. / edm::Wrapper<vector<reco::MET> >
htMetKT4__RECO. / edm::Wrapper<vector<reco::MET> >
htMetKT6__RECO. / edm::Wrapper<vector<reco::MET> >
htMetSC5__RECO. / edm::Wrapper<vector<reco::MET> >
htMetSC7__RECO. / edm::Wrapper<vector<reco::MET> >
tcMet__RECO. / edm::Wrapper<vector<reco::MET> >
muons__RECO. / edm::Wrapper<vector<reco::Muon> >
muonsFromCosmics__RECO. / edm::Wrapper<vector<reco::Muon> >
particleFlowBlock__RECO. / edm::Wrapper<vector<reco::PFBlock> >
particleFlow__RECO. / edm::Wrapper<vector<reco::PFCandidate> >
particleFlow_electrons_RECO. / edm::Wrapper<vector<reco::PFCandidate> >
particleFlowClusterECAL__RECO. / edm::Wrapper<vector<reco::PFCluster> >
particleFlowClusterHCAL__RECO. / edm::Wrapper<vector<reco::PFCluster> >
particleFlowClusterHFEM__RECO. / edm::Wrapper<vector<reco::PFCluster> >
particleFlowClusterHFHAD__RECO. / edm::Wrapper<vector<reco::PFCluster> >
particleFlowClusterPS__RECO. / edm::Wrapper<vector<reco::PFCluster> >
ak5PFJets__RECO. / edm::Wrapper<vector<reco::PFJet> >
ak7PFJets__RECO. / edm::Wrapper<vector<reco::PFJet> >
iterativeCone5PFJets__RECO. / edm::Wrapper<vector<reco::PFJet> >
kt4PFJets__RECO. / edm::Wrapper<vector<reco::PFJet> >
kt6PFJets__RECO. / edm::Wrapper<vector<reco::PFJet> >
sisCone5PFJets__RECO. / edm::Wrapper<vector<reco::PFJet> >
sisCone7PFJets__RECO. / edm::Wrapper<vector<reco::PFJet> >
pfMet__RECO. / edm::Wrapper<vector<reco::PFMET> >
fixedConeHighEffPFTauProducer__RECO. / edm::Wrapper<vector<reco::PFTau> >
fixedConePFTauProducer__RECO. / edm::Wrapper<vector<reco::PFTau> >
shrinkingConePFTauProducer__RECO. / edm::Wrapper<vector<reco::PFTau> >
pfRecoTauTagInfoProducer__RECO. / edm::Wrapper<vector<reco::PFTauTagInfo> >
photons__RECO. / edm::Wrapper<vector<reco::Photon> >
photonCore__RECO. / edm::Wrapper<vector<reco::PhotonCore> >
pfElectronTranslator_pf_RECO. / edm::Wrapper<vector<reco::PreshowerCluster> >
multi5x5SuperClustersWithPreshower_preshowerXClusters_RECO. / edm::Wrapper<vector<reco::PreshowerCluster> >
multi5x5SuperClustersWithPreshower_preshowerYClusters_RECO. / edm::Wrapper<vector<reco::PreshowerCluster> >
multi5x5PreshowerClusterShape_multi5x5PreshowerXClustersShape_RECO. / edm::Wrapper<vector<reco::PreshowerClusterShape> >
multi5x5PreshowerClusterShape_multi5x5PreshowerYClustersShape_RECO. / edm::Wrapper<vector<reco::PreshowerClusterShape> >
hfRecoEcalCandidate__RECO. / edm::Wrapper<vector<reco::RecoEcalCandidate> >
secondaryVertexTagInfos__RECO. / edm::Wrapper<vector<reco::SecondaryVertexTagInfo> >
softElectronTagInfos__RECO. / edm::Wrapper<vector<reco::SoftLeptonTagInfo> >
softMuonTagInfos__RECO. / edm::Wrapper<vector<reco::SoftLeptonTagInfo> >
correctedHybridSuperClusters__RECO. / edm::Wrapper<vector<reco::SuperCluster> >
correctedMulti5x5SuperClustersWithPreshower__RECO. / edm::Wrapper<vector<reco::SuperCluster> >
hfEMClusters__RECO. / edm::Wrapper<vector<reco::SuperCluster> >
hybridSuperClusters__RECO. / edm::Wrapper<vector<reco::SuperCluster> >
multi5x5SuperClustersWithPreshower__RECO. / edm::Wrapper<vector<reco::SuperCluster> >
multi5x5SuperClusters_multi5x5EndcapSuperClusters_RECO. / edm::Wrapper<vector<reco::SuperCluster> >
pfElectronTranslator_pf_RECO. / edm::Wrapper<vector<reco::SuperCluster> >
ckfInOutTracksFromConversions__RECO. / edm::Wrapper<vector<reco::Track> >
ckfOutInTracksFromConversions__RECO. / edm::Wrapper<vector<reco::Track> >
cosmicMuons__RECO. / edm::Wrapper<vector<reco::Track> >
ctfPixelLess__RECO. / edm::Wrapper<vector<reco::Track> >
generalTracks__RECO. / edm::Wrapper<vector<reco::Track> >
globalCosmicMuons__RECO. / edm::Wrapper<vector<reco::Track> >
globalMuons__RECO. / edm::Wrapper<vector<reco::Track> >
globalSETMuons__RECO. / edm::Wrapper<vector<reco::Track> >
pixelTracks__RECO. / edm::Wrapper<vector<reco::Track> >
standAloneMuons__RECO. / edm::Wrapper<vector<reco::Track> >
standAloneSETMuons__RECO. / edm::Wrapper<vector<reco::Track> >
standAloneMuons_UpdatedAtVtx_RECO. / edm::Wrapper<vector<reco::Track> >
standAloneSETMuons_UpdatedAtVtx_RECO. / edm::Wrapper<vector<reco::Track> >
tevMuons_default_RECO. / edm::Wrapper<vector<reco::Track> >
tevMuons_firstHit_RECO. / edm::Wrapper<vector<reco::Track> >
impactParameterTagInfos_ghostTracks_RECO. / edm::Wrapper<vector<reco::Track> >
tevMuons_picky_RECO. / edm::Wrapper<vector<reco::Track> >
ckfInOutTracksFromConversions__RECO. / edm::Wrapper<vector<reco::TrackExtra> >
ckfOutInTracksFromConversions__RECO. / edm::Wrapper<vector<reco::TrackExtra> >
cosmicMuons__RECO. / edm::Wrapper<vector<reco::TrackExtra> >
ctfPixelLess__RECO. / edm::Wrapper<vector<reco::TrackExtra> >
electronGsfTracks__RECO. / edm::Wrapper<vector<reco::TrackExtra> >
generalTracks__RECO. / edm::Wrapper<vector<reco::TrackExtra> >
globalCosmicMuons__RECO. / edm::Wrapper<vector<reco::TrackExtra> >
globalMuons__RECO. / edm::Wrapper<vector<reco::TrackExtra> >
globalSETMuons__RECO. / edm::Wrapper<vector<reco::TrackExtra> >
pixelTracks__RECO. / edm::Wrapper<vector<reco::TrackExtra> >
standAloneMuons__RECO. / edm::Wrapper<vector<reco::TrackExtra> >
standAloneSETMuons__RECO. / edm::Wrapper<vector<reco::TrackExtra> >
tevMuons_default_RECO. / edm::Wrapper<vector<reco::TrackExtra> >
tevMuons_firstHit_RECO. / edm::Wrapper<vector<reco::TrackExtra> >
tevMuons_picky_RECO. / edm::Wrapper<vector<reco::TrackExtra> >
impactParameterTagInfos__RECO. / edm::Wrapper<vector<reco::TrackIPTagInfo> >
offlinePrimaryVertices__RECO. / edm::Wrapper<vector<reco::Vertex> >
offlinePrimaryVerticesWithBS__RECO. / edm::Wrapper<vector<reco::Vertex> >
pixelVertices__RECO. / edm::Wrapper<vector<reco::Vertex> >
generalV0Candidates_Kshort_RECO. / edm::Wrapper<vector<reco::VertexCompositeCandidate> >
generalV0Candidates_Lambda_RECO. / edm::Wrapper<vector<reco::VertexCompositeCandidate> >
source__HLT. / edm::Wrapper<FEDRawDataCollection>
TriggerResults__SKIM. / edm::Wrapper<edm::TriggerResults>