trigger::TriggerFilterObjectWithRefs|int|path|void
trigger::TriggerFilterObjectWithRefs|int|module|void
trigger::TriggerRefsCollections|size_type|photonSize|void
trigger::TriggerRefsCollections|const Vids&|photonIds|void
trigger::TriggerRefsCollections|const std::vector<reco::RecoEcalCandidateRef>&|photonRefs|void
trigger::TriggerRefsCollections|size_type|electronSize|void
trigger::TriggerRefsCollections|const Vids&|electronIds|void
trigger::TriggerRefsCollections|const std::vector<reco::ElectronRef>&|electronRefs|void
trigger::TriggerRefsCollections|size_type|muonSize|void
trigger::TriggerRefsCollections|const Vids&|muonIds|void
trigger::TriggerRefsCollections|const std::vector<reco::RecoChargedCandidateRef>&|muonRefs|void
trigger::TriggerRefsCollections|size_type|jetSize|void
trigger::TriggerRefsCollections|const Vids&|jetIds|void
trigger::TriggerRefsCollections|const std::vector<reco::CaloJetRef>&|jetRefs|void
trigger::TriggerRefsCollections|size_type|compositeSize|void
trigger::TriggerRefsCollections|const Vids&|compositeIds|void
trigger::TriggerRefsCollections|const std::vector<reco::CompositeCandidateRef>&|compositeRefs|void
trigger::TriggerRefsCollections|size_type|basemetSize|void
trigger::TriggerRefsCollections|const Vids&|basemetIds|void
trigger::TriggerRefsCollections|const std::vector<reco::METRef>&|basemetRefs|void
trigger::TriggerRefsCollections|size_type|calometSize|void
trigger::TriggerRefsCollections|const Vids&|calometIds|void
trigger::TriggerRefsCollections|const std::vector<reco::CaloMETRef>&|calometRefs|void
trigger::TriggerRefsCollections|size_type|pixtrackSize|void
trigger::TriggerRefsCollections|const Vids&|pixtrackIds|void
trigger::TriggerRefsCollections|const std::vector<reco::IsolatedPixelTrackCandidateRef>&|pixtrackRefs|void
trigger::TriggerRefsCollections|size_type|l1emSize|void
trigger::TriggerRefsCollections|const Vids&|l1emIds|void
trigger::TriggerRefsCollections|const std::vector<l1extra::L1EmParticleRef>&|l1emRefs|void
trigger::TriggerRefsCollections|size_type|l1muonSize|void
trigger::TriggerRefsCollections|const Vids&|l1muonIds|void
trigger::TriggerRefsCollections|const std::vector<l1extra::L1MuonParticleRef>&|l1muonRefs|void
trigger::TriggerRefsCollections|size_type|l1jetSize|void
trigger::TriggerRefsCollections|const Vids&|l1jetIds|void
trigger::TriggerRefsCollections|const std::vector<l1extra::L1JetParticleRef>&|l1jetRefs|void
trigger::TriggerRefsCollections|size_type|l1etmissSize|void
trigger::TriggerRefsCollections|const Vids&|l1etmissIds|void
trigger::TriggerRefsCollections|const std::vector<l1extra::L1EtMissParticleRef>&|l1etmissRefs|void
trigger::TriggerRefsCollections|size_type|l1hfringsSize|void
trigger::TriggerRefsCollections|const Vids&|l1hfringsIds|void
trigger::TriggerRefsCollections|const std::vector<l1extra::L1HFRingsRef>&|l1hfringsRefs|void
