pat::Particle|Particle*|clone|void
pat::PATObject<reco::LeafCandidate>|const reco::Candidate*|originalObject|void
pat::PATObject<reco::LeafCandidate>|const std::vector<TriggerObjectStandAlone >&|triggerObjectMatches|void
pat::PATObject<reco::LeafCandidate>|const std::vector<TriggerObjectStandAlone >|triggerObjectMatchesByFilterID|const unsigned
pat::PATObject<reco::LeafCandidate>|const std::vector<TriggerObjectStandAlone >|triggerObjectMatchesByCollection|const std::string&
pat::PATObject<reco::LeafCandidate>|const std::vector<TriggerObjectStandAlone >|triggerObjectMatchesByFilter|const std::string&
pat::PATObject<reco::LeafCandidate>|const std::vector<TriggerObjectStandAlone >|triggerObjectMatchesByPath|const std::string&
pat::PATObject<reco::LeafCandidate>|const pat::LookupTableRecord&|efficiency|const std::string&
pat::PATObject<reco::LeafCandidate>|reco::GenParticleRef|genParticleRef|size_t=0
pat::PATObject<reco::LeafCandidate>|const reco::GenParticle*|genParticle|size_t=0
pat::PATObject<reco::LeafCandidate>|size_t|genParticlesSize|void
pat::PATObject<reco::LeafCandidate>|bool|hasOverlaps|const std::string&
pat::PATObject<reco::LeafCandidate>|const reco::edm::PtrVector<Candidate>&|overlaps|const std::string&
pat::PATObject<reco::LeafCandidate>|bool|hasUserData|const std::string&
pat::PATObject<reco::LeafCandidate>|const std::string&|userDataObjectType|const std::string&
pat::PATObject<reco::LeafCandidate>|const void*|userDataBare|const std::string&
pat::PATObject<reco::LeafCandidate>|float|userFloat|const std::string&
pat::PATObject<reco::LeafCandidate>|bool|hasUserFloat|const std::string&
pat::PATObject<reco::LeafCandidate>|int32_t|userInt|const std::string&
pat::PATObject<reco::LeafCandidate>|bool|hasUserInt|const std::string&
pat::PATObject<reco::LeafCandidate>|const pat::CandKinResolution&|getKinResolution|const std::string&=""
pat::PATObject<reco::LeafCandidate>|bool|hasKinResolution|const std::string&=""
pat::PATObject<reco::LeafCandidate>|double|resolEta|const std::string&=""
pat::PATObject<reco::LeafCandidate>|double|resolTheta|const std::string&=""
pat::PATObject<reco::LeafCandidate>|double|resolPhi|const std::string&=""
pat::PATObject<reco::LeafCandidate>|double|resolE|const std::string&=""
pat::PATObject<reco::LeafCandidate>|double|resolEt|const std::string&=""
pat::PATObject<reco::LeafCandidate>|double|resolP|const std::string&=""
pat::PATObject<reco::LeafCandidate>|double|resolPt|const std::string&=""
pat::PATObject<reco::LeafCandidate>|double|resolPInv|const std::string&=""
pat::PATObject<reco::LeafCandidate>|double|resolPx|const std::string&=""
pat::PATObject<reco::LeafCandidate>|double|resolPy|const std::string&=""
pat::PATObject<reco::LeafCandidate>|double|resolPz|const std::string&=""
pat::PATObject<reco::LeafCandidate>|double|resolM|const std::string&=""
pat::PATObject<reco::LeafCandidate>|const edm::Ptr<reco::Candidate>&|originalObjectRef|void
pat::PATObject<reco::LeafCandidate>|const std::vector<TriggerPrimitive>&|triggerMatches|void
pat::PATObject<reco::LeafCandidate>|const std::vector<TriggerPrimitive>|triggerMatchesByFilter|const std::string&
pat::PATObject<reco::LeafCandidate>|std::vector<std::pair<std::string, pat::LookupTableRecord> >|efficiencies|void
pat::PATObject<reco::LeafCandidate>|const std::vector<std::string>&|efficiencyNames|void
pat::PATObject<reco::LeafCandidate>|const std::vector<pat::LookupTableRecord>&|efficiencyValues|void
pat::PATObject<reco::LeafCandidate>|std::vector<reco::GenParticleRef>|genParticleRefs|void
pat::PATObject<reco::LeafCandidate>|const std::vector<std::string>&|overlapLabels|void
pat::PATObject<reco::LeafCandidate>|template<typename T> const T*|userData|const std::string&
pat::PATObject<reco::LeafCandidate>|const std::vector<std::string>&|userDataNames|void
pat::PATObject<reco::LeafCandidate>|const std::vector<std::string>&|userFloatNames|void
pat::PATObject<reco::LeafCandidate>|const std::vector<std::string>&|userIntNames|void
reco::LeafCandidate|LeafCandidate*|clone|void
reco::LeafCandidate|candidate::const_iterator|begin|void
reco::LeafCandidate|candidate::const_iterator|end|void
reco::LeafCandidate|candidate::iterator|begin|void
reco::LeafCandidate|candidate::iterator|end|void
reco::LeafCandidate|size_t|numberOfDaughters|void
reco::LeafCandidate|size_t|numberOfMothers|void
reco::Candidate|Candidate*|clone|void
reco::Particle|int|charge|void
reco::Particle|int|threeCharge|void
reco::Particle|const math::XYZTLorentzVectorD&|p4|void
reco::Particle|const math::ROOT::Math::LorentzVector<ROOT::Math::PtEtaPhiM4D<double> >&|polarP4|void
reco::Particle|math::XYZVector|momentum|void
reco::Particle|math::XYZVector|boostToCM|void
reco::Particle|double|p|void
reco::Particle|double|energy|void
reco::Particle|double|et|void
reco::Particle|double|mass|void
reco::Particle|double|massSqr|void
reco::Particle|double|mt|void
reco::Particle|double|mtSqr|void
reco::Particle|double|px|void
reco::Particle|double|py|void
reco::Particle|double|pz|void
reco::Particle|double|pt|void
reco::Particle|double|phi|void
reco::Particle|double|theta|void
reco::Particle|double|eta|void
reco::Particle|double|rapidity|void
reco::Particle|double|y|void
reco::Particle|const math::XYZPoint&|vertex|void
reco::Particle|double|vx|void
reco::Particle|double|vy|void
reco::Particle|double|vz|void
reco::Particle|int|pdgId|void
reco::Particle|int|status|void
reco::Particle|bool|longLived|void
