BeamSpotOnline|std::string|name|void
BeamSpotOnline|bool|empty|void
BeamSpotOnline|unsigned int|trigType|void
BeamSpotOnline|unsigned int|eventID|void
BeamSpotOnline|unsigned int|sourceID|void
BeamSpotOnline|unsigned int|bunchNumber|void
BeamSpotOnline|int|version|void
BeamSpotOnline|timespec|collectionTime|void
BeamSpotOnline|float|x|void
BeamSpotOnline|float|y|void
BeamSpotOnline|float|z|void
BeamSpotOnline|float|dxdz|void
BeamSpotOnline|float|dydz|void
BeamSpotOnline|float|err_x|void
BeamSpotOnline|float|err_y|void
BeamSpotOnline|float|err_z|void
BeamSpotOnline|float|err_dxdz|void
BeamSpotOnline|float|err_dydz|void
BeamSpotOnline|float|width_x|void
BeamSpotOnline|float|width_y|void
BeamSpotOnline|float|sigma_z|void
BeamSpotOnline|float|err_width_x|void
BeamSpotOnline|float|err_width_y|void
BeamSpotOnline|float|err_sigma_z|void
