reco::ShallowClonePtrCandidate|ShallowClonePtrCandidate*|clone|void
reco::ShallowClonePtrCandidate|candidate::const_iterator|begin|void
reco::ShallowClonePtrCandidate|candidate::const_iterator|end|void
reco::ShallowClonePtrCandidate|candidate::iterator|begin|void
reco::ShallowClonePtrCandidate|candidate::iterator|end|void
reco::ShallowClonePtrCandidate|size_t|numberOfDaughters|void
reco::ShallowClonePtrCandidate|size_t|numberOfMothers|void
reco::ShallowClonePtrCandidate|bool|hasMasterClonePtr|void
reco::ShallowClonePtrCandidate|const CandidatePtr&|masterClonePtr|void
reco::ShallowClonePtrCandidate|bool|isElectron|void
reco::ShallowClonePtrCandidate|bool|isMuon|void
reco::ShallowClonePtrCandidate|bool|isGlobalMuon|void
reco::ShallowClonePtrCandidate|bool|isStandAloneMuon|void
reco::ShallowClonePtrCandidate|bool|isTrackerMuon|void
reco::ShallowClonePtrCandidate|bool|isCaloMuon|void
reco::ShallowClonePtrCandidate|bool|isPhoton|void
reco::ShallowClonePtrCandidate|bool|isConvertedPhoton|void
reco::ShallowClonePtrCandidate|bool|isJet|void
reco::Candidate|Candidate*|clone|void
reco::Particle|int|charge|void
reco::Particle|int|threeCharge|void
reco::Particle|const math::XYZTLorentzVectorD&|p4|void
reco::Particle|const math::ROOT::Math::LorentzVector<ROOT::Math::PtEtaPhiM4D<double> >&|polarP4|void
reco::Particle|math::XYZVector|momentum|void
reco::Particle|math::XYZVector|boostToCM|void
reco::Particle|double|p|void
reco::Particle|double|energy|void
reco::Particle|double|et|void
reco::Particle|double|mass|void
reco::Particle|double|massSqr|void
reco::Particle|double|mt|void
reco::Particle|double|mtSqr|void
reco::Particle|double|px|void
reco::Particle|double|py|void
reco::Particle|double|pz|void
reco::Particle|double|pt|void
reco::Particle|double|phi|void
reco::Particle|double|theta|void
reco::Particle|double|eta|void
reco::Particle|double|rapidity|void
reco::Particle|double|y|void
reco::Particle|const math::XYZPoint&|vertex|void
reco::Particle|double|vx|void
reco::Particle|double|vy|void
reco::Particle|double|vz|void
reco::Particle|int|pdgId|void
reco::Particle|int|status|void
reco::Particle|bool|longLived|void
