reco::Jet|EtaPhiMoments|etaPhiStatistics|void
reco::Jet|float|etaetaMoment|void
reco::Jet|float|phiphiMoment|void
reco::Jet|float|etaphiMoment|void
reco::Jet|int|nCarrying|float
reco::Jet|float|maxDistance|void
reco::Jet|int|nConstituents|void
reco::Jet|std::vector<Constituent>|getJetConstituents|void
reco::Jet|std::string|print|void
reco::Jet|float|jetArea|void
reco::Jet|float|pileup|void
reco::Jet|int|nPasses|void
reco::Jet|bool|isJet|void
reco::Jet|std::vector<const reco::Candidate*>|getJetConstituentsQuick|void
reco::CompositePtrCandidate|CompositePtrCandidate*|clone|void
reco::CompositePtrCandidate|const_iterator|begin|void
reco::CompositePtrCandidate|const_iterator|end|void
reco::Candidate|int|charge|void
reco::Candidate|int|threeCharge|void
reco::Candidate|const math::XYZTLorentzVector&|p4|void
reco::Candidate|const math::PtEtaPhiMLorentzVector&|polarP4|void
reco::Candidate|math::XYZVector|momentum|void
reco::Candidate|math::XYZVector|boostToCM|void
reco::Candidate|double|p|void
reco::Candidate|double|energy|void
reco::Candidate|double|et|void
reco::Candidate|double|mass|void
reco::Candidate|double|massSqr|void
reco::Candidate|double|mt|void
reco::Candidate|double|mtSqr|void
reco::Candidate|double|px|void
reco::Candidate|double|py|void
reco::Candidate|double|pz|void
reco::Candidate|double|pt|void
reco::Candidate|double|phi|void
reco::Candidate|double|theta|void
reco::Candidate|double|eta|void
reco::Candidate|double|rapidity|void
reco::Candidate|double|y|void
reco::Candidate|const math::XYZPoint&|vertex|void
reco::Candidate|double|vx|void
reco::Candidate|double|vy|void
reco::Candidate|double|vz|void
reco::Candidate|int|pdgId|void
reco::Candidate|int|status|void
reco::Candidate|bool|longLived|void
reco::Candidate|bool|massConstraint|void
