reco::PFCandidate|PFCandidate*|clone|void
reco::PFCandidate|size_t|numberOfSourceCandidatePtrs|void
reco::PFCandidate|reco::TrackRef|trackRef|void
reco::PFCandidate|reco::GsfTrackRef|gsfTrackRef|void
reco::PFCandidate|reco::MuonRef|muonRef|void
reco::PFCandidate|reco::NuclearInteractionRef|nuclearRef|void
reco::PFCandidate|reco::ConversionRef|conversionRef|void
reco::PFCandidate|double|ecalEnergy|void
reco::PFCandidate|double|hcalEnergy|void
reco::PFCandidate|double|rawEcalEnergy|void
reco::PFCandidate|double|rawHcalEnergy|void
reco::PFCandidate|double|pS1Energy|void
reco::PFCandidate|double|pS2Energy|void
reco::PFCandidate|double|deltaP|void
reco::PFCandidate|float|mva_e_pi|void
reco::PFCandidate|float|mva_e_mu|void
reco::PFCandidate|float|mva_pi_mu|void
reco::PFCandidate|float|mva_nothing_gamma|void
reco::PFCandidate|float|mva_nothing_nh|void
reco::PFCandidate|float|mva_gamma_nh|void
reco::PFCandidate|const math::XYZPointF&|positionAtECALEntrance|void
reco::PFCandidate|ParticleType|particleId|void
reco::PFCandidate|const std::vector<std::pair<reco::PFBlockRef, unsigned> >&|elementsInBlocks|void
reco::CompositeCandidate|std::string|name|void
reco::CompositeCandidate|std::vector<std::string> const&|roles|void
reco::LeafCandidate|candidate::const_iterator|begin|void
reco::LeafCandidate|candidate::const_iterator|end|void
reco::Candidate|int|charge|void
reco::Candidate|int|threeCharge|void
reco::Candidate|const math::XYZTLorentzVector&|p4|void
reco::Candidate|const math::PtEtaPhiMLorentzVector&|polarP4|void
reco::Candidate|math::XYZVector|momentum|void
reco::Candidate|math::XYZVector|boostToCM|void
reco::Candidate|double|p|void
reco::Candidate|double|energy|void
reco::Candidate|double|et|void
reco::Candidate|double|mass|void
reco::Candidate|double|massSqr|void
reco::Candidate|double|mt|void
reco::Candidate|double|mtSqr|void
reco::Candidate|double|px|void
reco::Candidate|double|py|void
reco::Candidate|double|pz|void
reco::Candidate|double|pt|void
reco::Candidate|double|phi|void
reco::Candidate|double|theta|void
reco::Candidate|double|eta|void
reco::Candidate|double|rapidity|void
reco::Candidate|double|y|void
reco::Candidate|const math::XYZPoint&|vertex|void
reco::Candidate|double|vx|void
reco::Candidate|double|vy|void
reco::Candidate|double|vz|void
reco::Candidate|int|pdgId|void
reco::Candidate|int|status|void
reco::Candidate|bool|longLived|void
reco::Candidate|bool|massConstraint|void
