L1TriggerRates|std::string|name|void
L1TriggerRates|bool|empty|void
L1TriggerRates|int|version|void
L1TriggerRates|timespec|collectionTimeSummary|void
L1TriggerRates|double|deltaT|void
L1TriggerRates|double|deltaTActive|void
L1TriggerRates|double|deltaTRun|void
L1TriggerRates|double|deltaTRunActive|void
L1TriggerRates|double|triggerNumberRate|void
L1TriggerRates|double|eventNumberRate|void
L1TriggerRates|double|finalTriggersGeneratedRate|void
L1TriggerRates|double|finalTriggersDistributedRate|void
L1TriggerRates|double|randomTriggersRate|void
L1TriggerRates|double|calibrationTriggersRate|void
L1TriggerRates|double|totalTestTriggersRate|void
L1TriggerRates|double|orbitNumberRate|void
L1TriggerRates|double|numberResetsRate|void
L1TriggerRates|double|deadTimePercent|void
L1TriggerRates|double|deadTimeActivePercent|void
L1TriggerRates|double|deadTimeActiveCalibrationPercent|void
L1TriggerRates|double|deadTimeActivePrivatePercent|void
L1TriggerRates|double|deadTimeActivePartitionPercent|void
L1TriggerRates|double|deadTimeActiveThrottlePercent|void
L1TriggerRates|double|deadTimeActiveTimeSlotPercent|void
L1TriggerRates|double|finalTriggersInvalidBCPercent|void
L1TriggerRates|double|lostFinalTriggersPercent|void
L1TriggerRates|double|lostFinalTriggersActivePercent|void
L1TriggerRates|timespec|collectionTimeDetails|void
L1TriggerRates|double|triggerNumberRunRate|void
L1TriggerRates|double|eventNumberRunRate|void
L1TriggerRates|double|finalTriggersDistributedRunRate|void
L1TriggerRates|double|finalTriggersGeneratedRunRate|void
L1TriggerRates|double|randomTriggersRunRate|void
L1TriggerRates|double|calibrationTriggersRunRate|void
L1TriggerRates|double|totalTestTriggersRunRate|void
L1TriggerRates|double|orbitNumberRunRate|void
L1TriggerRates|double|numberResetsRunRate|void
L1TriggerRates|double|deadTimeRunPercent|void
L1TriggerRates|double|deadTimeActiveRunPercent|void
L1TriggerRates|double|deadTimeActiveCalibrationRunPercent|void
L1TriggerRates|double|deadTimeActivePrivateRunPercent|void
L1TriggerRates|double|deadTimeActivePartitionRunPercent|void
L1TriggerRates|double|deadTimeActiveThrottleRunPercent|void
L1TriggerRates|double|deadTimeActiveTimeSlotRunPercent|void
L1TriggerRates|double|finalTriggersInvalidBCRunPercent|void
L1TriggerRates|double|lostFinalTriggersRunPercent|void
L1TriggerRates|double|lostFinalTriggersActiveRunPercent|void
L1TriggerRates|std::vector<double>|triggersRate|void
L1TriggerRates|std::vector<double>|testTriggersRate|void
L1TriggerRates|std::vector<double>|triggersRunRate|void
L1TriggerRates|std::vector<double>|testTriggersRunRate|void
