trigger::TriggerRefsCollections|uint16_t|photonSize|void
trigger::TriggerRefsCollections|const std::vector<int>&|photonIds|void
trigger::TriggerRefsCollections|const std::vector<reco::edm::Ref<RecoEcalCandidateCollection>>&|photonRefs|void
trigger::TriggerRefsCollections|uint16_t|electronSize|void
trigger::TriggerRefsCollections|const std::vector<int>&|electronIds|void
trigger::TriggerRefsCollections|const std::vector<reco::ElectronRef>&|electronRefs|void
trigger::TriggerRefsCollections|uint16_t|muonSize|void
trigger::TriggerRefsCollections|const std::vector<int>&|muonIds|void
trigger::TriggerRefsCollections|const std::vector<reco::edm::Ref<RecoChargedCandidateCollection>>&|muonRefs|void
trigger::TriggerRefsCollections|uint16_t|jetSize|void
trigger::TriggerRefsCollections|const std::vector<int>&|jetIds|void
trigger::TriggerRefsCollections|const std::vector<reco::edm::Ref<std::vector<CaloJet>>>&|jetRefs|void
trigger::TriggerRefsCollections|uint16_t|compositeSize|void
trigger::TriggerRefsCollections|const std::vector<int>&|compositeIds|void
trigger::TriggerRefsCollections|const std::vector<reco::CompositeCandidateRef>&|compositeRefs|void
trigger::TriggerRefsCollections|uint16_t|basemetSize|void
trigger::TriggerRefsCollections|const std::vector<int>&|basemetIds|void
trigger::TriggerRefsCollections|const std::vector<reco::METRef>&|basemetRefs|void
trigger::TriggerRefsCollections|uint16_t|calometSize|void
trigger::TriggerRefsCollections|const std::vector<int>&|calometIds|void
trigger::TriggerRefsCollections|const std::vector<reco::edm::Ref<CaloMETCollection>>&|calometRefs|void
trigger::TriggerRefsCollections|uint16_t|pixtrackSize|void
trigger::TriggerRefsCollections|const std::vector<int>&|pixtrackIds|void
trigger::TriggerRefsCollections|const std::vector<reco::IsolatedPixelTrackCandidateRef>&|pixtrackRefs|void
trigger::TriggerRefsCollections|uint16_t|l1emSize|void
trigger::TriggerRefsCollections|const std::vector<int>&|l1emIds|void
trigger::TriggerRefsCollections|const std::vector<l1extra::L1EmParticleRef>&|l1emRefs|void
trigger::TriggerRefsCollections|uint16_t|l1muonSize|void
trigger::TriggerRefsCollections|const std::vector<int>&|l1muonIds|void
trigger::TriggerRefsCollections|const std::vector<l1extra::edm::Ref<std::vector<L1MuonParticle > >>&|l1muonRefs|void
trigger::TriggerRefsCollections|uint16_t|l1jetSize|void
trigger::TriggerRefsCollections|const std::vector<int>&|l1jetIds|void
trigger::TriggerRefsCollections|const std::vector<l1extra::edm::Ref<std::vector<L1JetParticle > >>&|l1jetRefs|void
trigger::TriggerRefsCollections|uint16_t|l1etmissSize|void
trigger::TriggerRefsCollections|const std::vector<int>&|l1etmissIds|void
trigger::TriggerRefsCollections|const std::vector<l1extra::edm::Ref<std::vector<L1EtMissParticle > >>&|l1etmissRefs|void
