reco::CaloJet|float|maxEInEmTowers|void
reco::CaloJet|float|maxEInHadTowers|void
reco::CaloJet|float|energyFractionHadronic|void
reco::CaloJet|float|emEnergyFraction|void
reco::CaloJet|float|hadEnergyInHB|void
reco::CaloJet|float|hadEnergyInHO|void
reco::CaloJet|float|hadEnergyInHE|void
reco::CaloJet|float|hadEnergyInHF|void
reco::CaloJet|float|emEnergyInEB|void
reco::CaloJet|float|emEnergyInEE|void
reco::CaloJet|float|emEnergyInHF|void
reco::CaloJet|float|towersArea|void
reco::CaloJet|int|n90|void
reco::CaloJet|int|n60|void
reco::CaloJet|LorentzVector|detectorP4|void
reco::CaloJet|CaloTowerPtr|getCaloConstituent|unsigned
reco::CaloJet|const Specific&|getSpecific|void
reco::CaloJet|CaloJet*|clone|void
reco::CaloJet|std::string|print|void
reco::CaloJet|std::vector<CaloTowerPtr>|getCaloConstituents|void
reco::CaloJet|std::vector<CaloTowerDetId>|getTowerIndices|void
reco::Jet|EtaPhiMoments|etaPhiStatistics|void
reco::Jet|float|etaetaMoment|void
reco::Jet|float|phiphiMoment|void
reco::Jet|float|etaphiMoment|void
reco::Jet|int|nCarrying|float
reco::Jet|float|maxDistance|void
reco::Jet|int|nConstituents|void
reco::Jet|std::vector<Constituent>|getJetConstituents|void
reco::LeafCandidate|candidate::const_iterator|begin|void
reco::LeafCandidate|candidate::const_iterator|end|void
reco::Candidate|int|charge|void
reco::Candidate|int|threeCharge|void
reco::Candidate|const math::XYZTLorentzVector&|p4|void
reco::Candidate|const math::PtEtaPhiMLorentzVector&|polarP4|void
reco::Candidate|math::XYZVector|momentum|void
reco::Candidate|math::XYZVector|boostToCM|void
reco::Candidate|double|p|void
reco::Candidate|double|energy|void
reco::Candidate|double|et|void
reco::Candidate|double|mass|void
reco::Candidate|double|massSqr|void
reco::Candidate|double|mt|void
reco::Candidate|double|mtSqr|void
reco::Candidate|double|px|void
reco::Candidate|double|py|void
reco::Candidate|double|pz|void
reco::Candidate|double|pt|void
reco::Candidate|double|phi|void
reco::Candidate|double|theta|void
reco::Candidate|double|eta|void
reco::Candidate|double|rapidity|void
reco::Candidate|double|y|void
reco::Candidate|const math::XYZPoint&|vertex|void
reco::Candidate|double|vx|void
reco::Candidate|double|vy|void
reco::Candidate|double|vz|void
reco::Candidate|int|pdgId|void
reco::Candidate|int|status|void
reco::Candidate|bool|longLived|void
reco::Candidate|bool|massConstraint|void
