pat::Muon|Muon*|clone|void
pat::Muon|reco::TrackRef|track|void
pat::Muon|reco::TrackRef|innerTrack|void
pat::Muon|reco::TrackRef|standAloneMuon|void
pat::Muon|reco::TrackRef|outerTrack|void
pat::Muon|reco::TrackRef|combinedMuon|void
pat::Muon|reco::TrackRef|globalTrack|void
pat::Muon|reco::TrackRef|pickyMuon|void
pat::Muon|reco::TrackRef|tpfmsMuon|void
pat::Muon|reco::PFCandidateRef|pfCandidateRef|void
pat::Muon|bool|muonID|const std::string&
pat::Muon|bool|isGood|const std::string&
pat::Muon|float|trackIso|void
pat::Muon|float|ecalIso|void
pat::Muon|float|hcalIso|void
pat::Muon|float|caloIso|void
pat::Muon|double|dB|void
pat::Muon|unsigned int|numberOfValidHits|void
pat::Muon|double|normChi2|void
pat::Lepton<reco::Muon>|const reco::GenParticle*|genLepton|void
pat::PATObject<reco::Muon>|const reco::Candidate*|originalObject|void
pat::PATObject<reco::Muon>|const std::vector<TriggerObjectStandAlone >&|triggerObjectMatches|void
pat::PATObject<reco::Muon>|const std::vector<TriggerObjectStandAlone >|triggerObjectMatchesByFilterID|const unsigned
pat::PATObject<reco::Muon>|const std::vector<TriggerObjectStandAlone >|triggerObjectMatchesByCollection|const std::string&
pat::PATObject<reco::Muon>|const std::vector<TriggerObjectStandAlone >|triggerObjectMatchesByFilter|const std::string&
pat::PATObject<reco::Muon>|const std::vector<TriggerObjectStandAlone >|triggerObjectMatchesByPath|const std::string&
pat::PATObject<reco::Muon>|const pat::LookupTableRecord&|efficiency|const std::string&
pat::PATObject<reco::Muon>|reco::GenParticleRef|genParticleRef|size_t=0
pat::PATObject<reco::Muon>|const reco::GenParticle*|genParticle|size_t=0
pat::PATObject<reco::Muon>|size_t|genParticlesSize|void
pat::PATObject<reco::Muon>|bool|hasOverlaps|const std::string&
pat::PATObject<reco::Muon>|const reco::CandidatePtrVector&|overlaps|const std::string&
pat::PATObject<reco::Muon>|bool|hasUserData|const std::string&
pat::PATObject<reco::Muon>|const std::string&|userDataObjectType|const std::string&
pat::PATObject<reco::Muon>|const void*|userDataBare|const std::string&
pat::PATObject<reco::Muon>|float|userFloat|const std::string&
pat::PATObject<reco::Muon>|bool|hasUserFloat|const std::string&
pat::PATObject<reco::Muon>|int32_t|userInt|const std::string&
pat::PATObject<reco::Muon>|bool|hasUserInt|const std::string&
pat::PATObject<reco::Muon>|reco::CandidatePtr|userCand|const std::string&
pat::PATObject<reco::Muon>|bool|hasUserCand|const std::string&
pat::PATObject<reco::Muon>|const pat::CandKinResolution&|getKinResolution|const std::string&=""
pat::PATObject<reco::Muon>|bool|hasKinResolution|const std::string&=""
pat::PATObject<reco::Muon>|double|resolEta|const std::string&=""
pat::PATObject<reco::Muon>|double|resolTheta|const std::string&=""
pat::PATObject<reco::Muon>|double|resolPhi|const std::string&=""
pat::PATObject<reco::Muon>|double|resolE|const std::string&=""
pat::PATObject<reco::Muon>|double|resolEt|const std::string&=""
pat::PATObject<reco::Muon>|double|resolP|const std::string&=""
pat::PATObject<reco::Muon>|double|resolPt|const std::string&=""
pat::PATObject<reco::Muon>|double|resolPInv|const std::string&=""
pat::PATObject<reco::Muon>|double|resolPx|const std::string&=""
pat::PATObject<reco::Muon>|double|resolPy|const std::string&=""
pat::PATObject<reco::Muon>|double|resolPz|const std::string&=""
pat::PATObject<reco::Muon>|double|resolM|const std::string&=""
pat::PATObject<reco::Muon>|const edm::Ptr<reco::Candidate>&|originalObjectRef|void
pat::PATObject<reco::Muon>|std::vector<std::pair<std::string, pat::LookupTableRecord> >|efficiencies|void
pat::PATObject<reco::Muon>|const std::vector<std::string>&|efficiencyNames|void
pat::PATObject<reco::Muon>|const std::vector<pat::LookupTableRecord>&|efficiencyValues|void
pat::PATObject<reco::Muon>|std::vector<reco::GenParticleRef>|genParticleRefs|void
pat::PATObject<reco::Muon>|const std::vector<std::string>&|overlapLabels|void
pat::PATObject<reco::Muon>|template<typename T> const T*|userData|const std::string&
pat::PATObject<reco::Muon>|const std::vector<std::string>&|userDataNames|void
pat::PATObject<reco::Muon>|const std::vector<std::string>&|userFloatNames|void
pat::PATObject<reco::Muon>|const std::vector<std::string>&|userIntNames|void
pat::PATObject<reco::Muon>|const std::vector<std::string>&|userCandNames|void
reco::LeafCandidate|candidate::const_iterator|begin|void
reco::LeafCandidate|candidate::const_iterator|end|void
reco::Candidate|int|charge|void
reco::Candidate|int|threeCharge|void
reco::Candidate|const math::XYZTLorentzVector&|p4|void
reco::Candidate|const math::PtEtaPhiMLorentzVector&|polarP4|void
reco::Candidate|math::XYZVector|momentum|void
reco::Candidate|math::XYZVector|boostToCM|void
reco::Candidate|double|p|void
reco::Candidate|double|energy|void
reco::Candidate|double|et|void
reco::Candidate|double|mass|void
reco::Candidate|double|massSqr|void
reco::Candidate|double|mt|void
reco::Candidate|double|mtSqr|void
reco::Candidate|double|px|void
reco::Candidate|double|py|void
reco::Candidate|double|pz|void
reco::Candidate|double|pt|void
reco::Candidate|double|phi|void
reco::Candidate|double|theta|void
reco::Candidate|double|eta|void
reco::Candidate|double|rapidity|void
reco::Candidate|double|y|void
reco::Candidate|const math::XYZPoint&|vertex|void
reco::Candidate|double|vx|void
reco::Candidate|double|vy|void
reco::Candidate|double|vz|void
reco::Candidate|int|pdgId|void
reco::Candidate|int|status|void
reco::Candidate|bool|longLived|void
reco::Candidate|bool|massConstraint|void
