reco::NamedCompositeCandidate|NamedCompositeCandidate*|clone|void
reco::NamedCompositeCandidate|std::string|name|void
reco::NamedCompositeCandidate|const NamedCompositeCandidate::std::vector<std::string>&|roles|void
reco::NamedCompositeCandidate|Candidate*|daughter|const std::string&
reco::NamedCompositeCandidate|const Candidate*|daughter|const std::string&
reco::Candidate|Candidate*|clone|void
reco::Candidate|candidate::const_iterator|begin|void
reco::Candidate|candidate::const_iterator|end|void
reco::Candidate|candidate::iterator|begin|void
reco::Candidate|candidate::iterator|end|void
reco::Candidate|size_t|numberOfDaughters|void
reco::Particle|int|charge|void
reco::Particle|int|threeCharge|void
reco::Particle|const math::XYZTLorentzVectorD&|p4|void
reco::Particle|const math::ROOT::Math::LorentzVector<ROOT::Math::PtEtaPhiM4D<double> >&|polarP4|void
reco::Particle|math::XYZVector|momentum|void
reco::Particle|math::XYZVector|boostToCM|void
reco::Particle|double|p|void
reco::Particle|double|energy|void
reco::Particle|double|et|void
reco::Particle|double|mass|void
reco::Particle|double|massSqr|void
reco::Particle|double|mt|void
reco::Particle|double|mtSqr|void
reco::Particle|double|px|void
reco::Particle|double|py|void
reco::Particle|double|pz|void
reco::Particle|double|pt|void
reco::Particle|double|phi|void
reco::Particle|double|theta|void
reco::Particle|double|eta|void
reco::Particle|double|rapidity|void
reco::Particle|double|y|void
reco::Particle|const math::XYZPoint&|vertex|void
reco::Particle|double|vx|void
reco::Particle|double|vy|void
reco::Particle|double|vz|void
reco::Particle|int|pdgId|void
reco::Particle|int|status|void
reco::Particle|bool|longLived|void
