pat::MHT|double|mht|void
pat::MHT|double|phi|void
pat::MHT|double|ht|void
pat::MHT|double|significance|void
pat::MHT|double|error|void
pat::MHT|double|getNumberOfJets|void
pat::MHT|double|getNumberOfElectrons|void
pat::MHT|double|getNumberOfMuons|void
reco::CompositeRefBaseCandidate|CompositeRefBaseCandidate*|clone|void
reco::CompositeRefBaseCandidate|const_iterator|begin|void
reco::CompositeRefBaseCandidate|const_iterator|end|void
reco::Candidate|int|charge|void
reco::Candidate|int|threeCharge|void
reco::Candidate|const math::XYZTLorentzVector&|p4|void
reco::Candidate|const math::PtEtaPhiMLorentzVector&|polarP4|void
reco::Candidate|math::XYZVector|momentum|void
reco::Candidate|math::XYZVector|boostToCM|void
reco::Candidate|double|p|void
reco::Candidate|double|energy|void
reco::Candidate|double|et|void
reco::Candidate|double|mass|void
reco::Candidate|double|massSqr|void
reco::Candidate|double|mt|void
reco::Candidate|double|mtSqr|void
reco::Candidate|double|px|void
reco::Candidate|double|py|void
reco::Candidate|double|pz|void
reco::Candidate|double|pt|void
