reco::RecoCandidate|reco::TrackRef|track|void
reco::RecoCandidate|reco::TrackRef|track|
reco::RecoCandidate|size_t|numberOfTracks|void
reco::RecoCandidate|reco::GsfTrackRef|gsfTrack|void
reco::RecoCandidate|reco::TrackRef|standAloneMuon|void
reco::RecoCandidate|reco::TrackRef|combinedMuon|void
reco::RecoCandidate|reco::SuperClusterRef|superCluster|void
reco::RecoCandidate|CaloTowerRef|caloTower|void
reco::RecoCandidate|const Track*|bestTrack|void
reco::RecoCandidate|TrackBaseRef|bestTrackRef|void
reco::RecoCandidate|TrackType|bestTrackType|void
reco::LeafCandidate|candidate::const_iterator|begin|void
reco::LeafCandidate|candidate::const_iterator|end|void
reco::Candidate|int|charge|void
reco::Candidate|int|threeCharge|void
reco::Candidate|const math::XYZTLorentzVector&|p4|void
reco::Candidate|const math::PtEtaPhiMLorentzVector&|polarP4|void
reco::Candidate|math::XYZVector|momentum|void
reco::Candidate|math::XYZVector|boostToCM|void
reco::Candidate|double|p|void
reco::Candidate|double|energy|void
reco::Candidate|double|et|void
reco::Candidate|double|mass|void
reco::Candidate|double|massSqr|void
reco::Candidate|double|mt|void
reco::Candidate|double|mtSqr|void
reco::Candidate|double|px|void
reco::Candidate|double|py|void
reco::Candidate|double|pz|void
reco::Candidate|double|pt|void
reco::Candidate|double|phi|void
reco::Candidate|double|theta|void
reco::Candidate|double|eta|void
reco::Candidate|double|rapidity|void
reco::Candidate|double|y|void
reco::Candidate|const math::XYZPoint&|vertex|void
reco::Candidate|double|vx|void
reco::Candidate|double|vy|void
reco::Candidate|double|vz|void
reco::Candidate|int|pdgId|void
reco::Candidate|int|status|void
reco::Candidate|bool|longLived|void
reco::Candidate|bool|massConstraint|void
reco::Candidate|Candidate*|clone|void
