reco::PFTauDecayMode|PFTauDecayMode*|clone|void
reco::PFTauDecayMode|const PFTauRef&|pfTauRef|void
reco::PFTauDecayMode|hadronicTauDecayModes|getDecayMode|void
reco::PFTauDecayMode|const VertexCompositeCandidate&|chargedPions|void
reco::PFTauDecayMode|const CompositeCandidate&|neutralPions|void
reco::PFTauDecayMode|const CompositeCandidate&|filteredObjects|void
reco::PFTauDecayMode|edm::RefVector<PFCandidateCollection>|associatedChargedPFCandidates|void
reco::PFTauDecayMode|edm::RefVector<PFCandidateCollection>|associatedNeutralPFCandidates|void
reco::PFTauDecayMode|edm::RefVector<PFCandidateCollection>|filteredPFCandidates|void
reco::PFTauDecayMode|std::vector<const Candidate*>|chargedPionCandidates|void
reco::PFTauDecayMode|std::vector<const Candidate*>|neutralPionCandidates|void
reco::PFTauDecayMode|std::vector<const Candidate*>|decayProductCandidates|void
reco::PFTauDecayMode|std::vector<const Candidate*>|filteredObjectCandidates|int=-2
reco::PFTauDecayMode|std::vector<const Candidate*>|neutralFilteredObjectCandidates|void
reco::PFTauDecayMode|std::vector<const Candidate*>|chargedFilteredObjectCandidates|void
reco::CompositeCandidate|std::string|name|void
reco::CompositeCandidate|std::vector<std::string> const&|roles|void
reco::CompositeCandidate|CompositeCandidate*|clone|void
reco::CompositeCandidate|candidate::const_iterator|begin|void
reco::CompositeCandidate|candidate::const_iterator|end|void
reco::CompositeCandidate|candidate::iterator|begin|void
reco::CompositeCandidate|candidate::iterator|end|void
reco::CompositeCandidate|size_t|numberOfDaughters|void
reco::CompositeCandidate|Candidate*|daughter|const std::string&
reco::CompositeCandidate|const Candidate*|daughter|const std::string&
reco::CompositeCandidate|size_t|numberOfMothers|void
reco::Candidate|Candidate*|clone|void
reco::Particle|int|charge|void
reco::Particle|int|threeCharge|void
reco::Particle|const math::XYZTLorentzVectorD&|p4|void
reco::Particle|const math::ROOT::Math::LorentzVector<ROOT::Math::PtEtaPhiM4D<double> >&|polarP4|void
reco::Particle|math::XYZVector|momentum|void
reco::Particle|math::XYZVector|boostToCM|void
reco::Particle|double|p|void
reco::Particle|double|energy|void
reco::Particle|double|et|void
reco::Particle|double|mass|void
reco::Particle|double|massSqr|void
reco::Particle|double|mt|void
reco::Particle|double|mtSqr|void
reco::Particle|double|px|void
reco::Particle|double|py|void
reco::Particle|double|pz|void
reco::Particle|double|pt|void
reco::Particle|double|phi|void
reco::Particle|double|theta|void
reco::Particle|double|eta|void
reco::Particle|double|rapidity|void
reco::Particle|double|y|void
reco::Particle|const math::XYZPoint&|vertex|void
reco::Particle|double|vx|void
reco::Particle|double|vy|void
reco::Particle|double|vz|void
reco::Particle|int|pdgId|void
reco::Particle|int|status|void
reco::Particle|bool|longLived|void
