reco::SiStripElectron|SiStripElectron*|clone|void
reco::SiStripElectron|reco::SuperClusterRef|superCluster|void
reco::SiStripElectron|double|superClusterPhiVsRSlope|void
reco::SiStripElectron|double|phiVsRSlope|void
reco::SiStripElectron|double|phiAtOrigin|void
reco::SiStripElectron|double|chi2|void
reco::SiStripElectron|int|ndof|void
reco::SiStripElectron|double|pt|void
reco::SiStripElectron|double|pz|void
reco::SiStripElectron|double|zVsRSlope|void
reco::SiStripElectron|unsigned int|numberOfStereoHits|void
reco::SiStripElectron|unsigned int|numberOfBarrelRphiHits|void
reco::SiStripElectron|unsigned int|numberOfEndcapZphiHits|void
reco::SiStripElectron|bool|isElectron|void
reco::SiStripElectron|const std::vector<SiStripRecHit2D>&|rphiRecHits|void
reco::SiStripElectron|const std::vector<SiStripRecHit2D>&|stereoRecHits|void
reco::RecoCandidate|reco::TrackRef|track|void
reco::RecoCandidate|reco::TrackRef|track|
reco::RecoCandidate|size_t|numberOfTracks|void
reco::RecoCandidate|reco::GsfTrackRef|gsfTrack|void
reco::RecoCandidate|reco::TrackRef|standAloneMuon|void
reco::RecoCandidate|reco::TrackRef|combinedMuon|void
reco::LeafCandidate|candidate::const_iterator|begin|void
reco::LeafCandidate|candidate::const_iterator|end|void
reco::Candidate|int|charge|void
reco::Candidate|int|threeCharge|void
reco::Candidate|const math::XYZTLorentzVector&|p4|void
reco::Candidate|const math::PtEtaPhiMLorentzVector&|polarP4|void
reco::Candidate|math::XYZVector|momentum|void
reco::Candidate|math::XYZVector|boostToCM|void
reco::Candidate|double|p|void
reco::Candidate|double|energy|void
reco::Candidate|double|et|void
reco::Candidate|double|mass|void
reco::Candidate|double|massSqr|void
reco::Candidate|double|mt|void
reco::Candidate|double|mtSqr|void
reco::Candidate|double|px|void
reco::Candidate|double|py|void
