reco::PFTau|PFTau*|clone|void
reco::PFTau|const PFTauTagInfoRef&|pfTauTagInfoRef|void
reco::PFTau|const edm::Ref<std::vector<reco::PFCandidate>>&|leadPFChargedHadrCand|void
reco::PFTau|const edm::Ref<std::vector<reco::PFCandidate>>&|leadPFNeutralCand|void
reco::PFTau|const edm::Ref<std::vector<reco::PFCandidate>>&|leadPFCand|void
reco::PFTau|float|leadPFChargedHadrCandsignedSipt|void
reco::PFTau|const edm::RefVector<std::vector<reco::PFCandidate>>&|signalPFCands|void
reco::PFTau|const edm::RefVector<std::vector<reco::PFCandidate>>&|signalPFChargedHadrCands|void
reco::PFTau|const edm::RefVector<std::vector<reco::PFCandidate>>&|signalPFNeutrHadrCands|void
reco::PFTau|const edm::RefVector<std::vector<reco::PFCandidate>>&|signalPFGammaCands|void
reco::PFTau|const edm::RefVector<std::vector<reco::PFCandidate>>&|isolationPFCands|void
reco::PFTau|const edm::RefVector<std::vector<reco::PFCandidate>>&|isolationPFChargedHadrCands|void
reco::PFTau|const edm::RefVector<std::vector<reco::PFCandidate>>&|isolationPFNeutrHadrCands|void
reco::PFTau|const edm::RefVector<std::vector<reco::PFCandidate>>&|isolationPFGammaCands|void
reco::PFTau|float|isolationPFChargedHadrCandsPtSum|void
reco::PFTau|float|isolationPFGammaCandsEtSum|void
reco::PFTau|float|maximumHCALPFClusterEt|void
reco::PFTau|float|emFraction|void
reco::PFTau|float|hcalTotOverPLead|void
reco::PFTau|float|hcalMaxOverPLead|void
reco::PFTau|float|hcal3x3OverPLead|void
reco::PFTau|float|ecalStripSumEOverPLead|void
reco::PFTau|float|bremsRecoveryEOverPLead|void
reco::PFTau|reco::TrackRef|electronPreIDTrack|void
reco::PFTau|float|electronPreIDOutput|void
reco::PFTau|bool|electronPreIDDecision|void
reco::PFTau|bool|hasMuonReference|void
reco::PFTau|float|caloComp|void
reco::PFTau|float|segComp|void
reco::PFTau|bool|muonDecision|void
reco::PFTau|size_type|numberOfSourceCandidatePtrs|void
reco::BaseTau|BaseTau*|clone|void
reco::BaseTau|math::ROOT::Math::LorentzVector<ROOT::Math::PxPyPzE4D<double> >|alternatLorentzVect|void
reco::BaseTau|reco::edm::Ref<std::vector<Track>>|leadTrack|void
reco::BaseTau|const reco::edm::RefVector<std::vector<Track>>&|signalTracks|void
reco::BaseTau|const reco::edm::RefVector<std::vector<Track>>&|isolationTracks|void
reco::RecoCandidate|reco::edm::Ref<std::vector<Track>>|track|void
reco::RecoCandidate|reco::edm::Ref<std::vector<Track>>|track|
reco::RecoCandidate|size_t|numberOfTracks|void
reco::RecoCandidate|reco::edm::Ref<GsfTrackCollection>|gsfTrack|void
reco::RecoCandidate|reco::edm::Ref<std::vector<Track>>|standAloneMuon|void
reco::RecoCandidate|reco::edm::Ref<std::vector<Track>>|combinedMuon|void
reco::RecoCandidate|reco::edm::Ref<std::vector<SuperCluster>>|superCluster|void
reco::RecoCandidate|edm::Ref<CaloTowerCollection>|caloTower|void
reco::RecoCandidate|const Track*|bestTrack|void
reco::RecoCandidate|edm::RefToBase<reco::Track>|bestTrackRef|void
reco::RecoCandidate|TrackType|bestTrackType|void
reco::LeafCandidate|LeafCandidate*|clone|void
reco::LeafCandidate|candidate::const_iterator|begin|void
reco::LeafCandidate|candidate::const_iterator|end|void
reco::LeafCandidate|candidate::iterator|begin|void
reco::LeafCandidate|candidate::iterator|end|void
reco::LeafCandidate|size_t|numberOfDaughters|void
reco::LeafCandidate|size_t|numberOfMothers|void
reco::Candidate|Candidate*|clone|void
reco::Particle|int|charge|void
reco::Particle|int|threeCharge|void
reco::Particle|const math::XYZTLorentzVectorD&|p4|void
reco::Particle|const math::ROOT::Math::LorentzVector<ROOT::Math::PtEtaPhiM4D<double> >&|polarP4|void
reco::Particle|math::XYZVector|momentum|void
reco::Particle|math::XYZVector|boostToCM|void
reco::Particle|double|p|void
reco::Particle|double|energy|void
reco::Particle|double|et|void
reco::Particle|double|mass|void
reco::Particle|double|massSqr|void
reco::Particle|double|mt|void
reco::Particle|double|mtSqr|void
reco::Particle|double|px|void
reco::Particle|double|py|void
reco::Particle|double|pz|void
reco::Particle|double|pt|void
reco::Particle|double|phi|void
reco::Particle|double|theta|void
reco::Particle|double|eta|void
reco::Particle|double|rapidity|void
reco::Particle|double|y|void
reco::Particle|const math::XYZPoint&|vertex|void
reco::Particle|double|vx|void
reco::Particle|double|vy|void
reco::Particle|double|vz|void
reco::Particle|int|pdgId|void
reco::Particle|int|status|void
reco::Particle|bool|longLived|void
