reco::Track|bool|outerOk|void
reco::Track|bool|innerOk|void
reco::Track|const math::XYZPoint&|innerPosition|void
reco::Track|const math::XYZVector&|innerMomentum|void
reco::Track|const math::XYZPoint&|outerPosition|void
reco::Track|const math::XYZVector&|outerMomentum|void
reco::Track|math::Error<dimension>::type|outerStateCovariance|void
reco::Track|math::Error<dimension>::type|innerStateCovariance|void
reco::Track|unsigned int|outerDetId|void
reco::Track|unsigned int|innerDetId|void
reco::Track|trackingRecHit_iterator|recHitsBegin|void
reco::Track|trackingRecHit_iterator|recHitsEnd|void
reco::Track|TrackingRecHitRef|recHit|size_t
reco::Track|size_t|recHitsSize|void
reco::Track|double|outerPx|void
reco::Track|double|outerPy|void
reco::Track|double|outerPz|void
reco::Track|double|outerX|void
reco::Track|double|outerY|void
reco::Track|double|outerZ|void
reco::Track|double|outerP|void
reco::Track|double|outerPt|void
reco::Track|double|outerPhi|void
reco::Track|double|outerEta|void
reco::Track|double|outerTheta|void
reco::Track|double|outerRadius|void
reco::Track|const TrackExtraRef&|extra|void
reco::Track|unsigned short|found|void
reco::Track|unsigned short|lost|void
reco::Track|PropagationDirection|seedDirection|void
reco::Track|const TrackResiduals&|residuals|void
reco::Track|double|residualX|int
reco::Track|double|residualY|int
reco::Track|edm::RefToBase<TrajectorySeed>|seedRef|void
reco::TrackBase|double|chi2|void
reco::TrackBase|double|ndof|void
reco::TrackBase|double|normalizedChi2|void
reco::TrackBase|int|charge|void
reco::TrackBase|double|qoverp|void
reco::TrackBase|double|theta|void
reco::TrackBase|double|lambda|void
reco::TrackBase|double|dxy|void
reco::TrackBase|double|d0|void
reco::TrackBase|double|dsz|void
reco::TrackBase|double|dz|void
reco::TrackBase|double|p|void
reco::TrackBase|double|pt|void
reco::TrackBase|double|px|void
reco::TrackBase|double|py|void
reco::TrackBase|double|pz|void
reco::TrackBase|double|phi|void
reco::TrackBase|double|eta|void
reco::TrackBase|double|vx|void
reco::TrackBase|double|vy|void
reco::TrackBase|double|vz|void
reco::TrackBase|const math::XYZVector&|momentum|void
reco::TrackBase|const math::XYZPoint&|referencePoint|void
reco::TrackBase|const math::XYZPoint&|vertex|void
reco::TrackBase|math::math::XYZVector<dimension>::ROOT::Math::SVector<double, N>|parameters|void
reco::TrackBase|math::Error<dimension>::ROOT::Math::SVector<double, N>|covariance|void
reco::TrackBase|double|parameter|int
reco::TrackBase|double|error|int
reco::TrackBase|double|qoverpError|void
reco::TrackBase|double|ptError|void
reco::TrackBase|double|thetaError|void
reco::TrackBase|double|lambdaError|void
reco::TrackBase|double|etaError|void
reco::TrackBase|double|phiError|void
reco::TrackBase|double|dxyError|void
reco::TrackBase|double|d0Error|void
reco::TrackBase|double|dszError|void
reco::TrackBase|double|dzError|void
reco::TrackBase|const HitPattern&|hitPattern|void
reco::TrackBase|const HitPattern&|trackerExpectedHitsInner|void
reco::TrackBase|const HitPattern&|trackerExpectedHitsOuter|void
reco::TrackBase|unsigned short|numberOfValidHits|void
reco::TrackBase|unsigned short|numberOfLostHits|void
reco::TrackBase|TrackAlgorithm|algo|void
reco::TrackBase|std::string|algoName|void
reco::TrackBase|static TrackAlgorithm|algoByName|const std::string&
reco::TrackBase|static TrackQuality|qualityByName|const std::string&
reco::TrackBase|int|qualityMask|void
