pat::PFParticle|PFParticle*|clone|void
pat::PATObject<reco::PFCandidate>|const reco::Candidate*|originalObject|void
pat::PATObject<reco::PFCandidate>|const std::vector<TriggerObjectStandAlone >&|triggerObjectMatches|void
pat::PATObject<reco::PFCandidate>|const std::vector<TriggerObjectStandAlone >|triggerObjectMatchesByFilterID|const unsigned
pat::PATObject<reco::PFCandidate>|const std::vector<TriggerObjectStandAlone >|triggerObjectMatchesByCollection|const std::string&
pat::PATObject<reco::PFCandidate>|const std::vector<TriggerObjectStandAlone >|triggerObjectMatchesByFilter|const std::string&
pat::PATObject<reco::PFCandidate>|const std::vector<TriggerObjectStandAlone >|triggerObjectMatchesByPath|const std::string&
pat::PATObject<reco::PFCandidate>|const pat::LookupTableRecord&|efficiency|const std::string&
pat::PATObject<reco::PFCandidate>|reco::GenParticleRef|genParticleRef|size_t=0
pat::PATObject<reco::PFCandidate>|const reco::GenParticle*|genParticle|size_t=0
pat::PATObject<reco::PFCandidate>|size_t|genParticlesSize|void
pat::PATObject<reco::PFCandidate>|bool|hasOverlaps|const std::string&
pat::PATObject<reco::PFCandidate>|const reco::CandidatePtrVector&|overlaps|const std::string&
pat::PATObject<reco::PFCandidate>|bool|hasUserData|const std::string&
pat::PATObject<reco::PFCandidate>|const std::string&|userDataObjectType|const std::string&
pat::PATObject<reco::PFCandidate>|const void*|userDataBare|const std::string&
pat::PATObject<reco::PFCandidate>|float|userFloat|const std::string&
pat::PATObject<reco::PFCandidate>|bool|hasUserFloat|const std::string&
pat::PATObject<reco::PFCandidate>|int32_t|userInt|const std::string&
pat::PATObject<reco::PFCandidate>|bool|hasUserInt|const std::string&
pat::PATObject<reco::PFCandidate>|reco::CandidatePtr|userCand|const std::string&
pat::PATObject<reco::PFCandidate>|bool|hasUserCand|const std::string&
pat::PATObject<reco::PFCandidate>|const pat::CandKinResolution&|getKinResolution|const std::string&=""
pat::PATObject<reco::PFCandidate>|bool|hasKinResolution|const std::string&=""
pat::PATObject<reco::PFCandidate>|double|resolEta|const std::string&=""
pat::PATObject<reco::PFCandidate>|double|resolTheta|const std::string&=""
pat::PATObject<reco::PFCandidate>|double|resolPhi|const std::string&=""
pat::PATObject<reco::PFCandidate>|double|resolE|const std::string&=""
pat::PATObject<reco::PFCandidate>|double|resolEt|const std::string&=""
pat::PATObject<reco::PFCandidate>|double|resolP|const std::string&=""
pat::PATObject<reco::PFCandidate>|double|resolPt|const std::string&=""
pat::PATObject<reco::PFCandidate>|double|resolPInv|const std::string&=""
pat::PATObject<reco::PFCandidate>|double|resolPx|const std::string&=""
pat::PATObject<reco::PFCandidate>|double|resolPy|const std::string&=""
pat::PATObject<reco::PFCandidate>|double|resolPz|const std::string&=""
pat::PATObject<reco::PFCandidate>|double|resolM|const std::string&=""
pat::PATObject<reco::PFCandidate>|const edm::Ptr<reco::Candidate>&|originalObjectRef|void
pat::PATObject<reco::PFCandidate>|std::vector<std::pair<std::string, pat::LookupTableRecord> >|efficiencies|void
pat::PATObject<reco::PFCandidate>|const std::vector<std::string>&|efficiencyNames|void
pat::PATObject<reco::PFCandidate>|const std::vector<pat::LookupTableRecord>&|efficiencyValues|void
pat::PATObject<reco::PFCandidate>|std::vector<reco::GenParticleRef>|genParticleRefs|void
pat::PATObject<reco::PFCandidate>|const std::vector<std::string>&|overlapLabels|void
pat::PATObject<reco::PFCandidate>|template<typename T> const T*|userData|const std::string&
pat::PATObject<reco::PFCandidate>|const std::vector<std::string>&|userDataNames|void
pat::PATObject<reco::PFCandidate>|const std::vector<std::string>&|userFloatNames|void
pat::PATObject<reco::PFCandidate>|const std::vector<std::string>&|userIntNames|void
pat::PATObject<reco::PFCandidate>|const std::vector<std::string>&|userCandNames|void
reco::CompositeCandidate|std::string|name|void
reco::CompositeCandidate|std::vector<std::string> const&|roles|void
reco::LeafCandidate|candidate::const_iterator|begin|void
reco::LeafCandidate|candidate::const_iterator|end|void
reco::Candidate|int|charge|void
reco::Candidate|int|threeCharge|void
reco::Candidate|const math::XYZTLorentzVector&|p4|void
reco::Candidate|const math::PtEtaPhiMLorentzVector&|polarP4|void
reco::Candidate|math::XYZVector|momentum|void
reco::Candidate|math::XYZVector|boostToCM|void
reco::Candidate|double|p|void
reco::Candidate|double|energy|void
reco::Candidate|double|et|void
reco::Candidate|double|mass|void
reco::Candidate|double|massSqr|void
reco::Candidate|double|mt|void
reco::Candidate|double|mtSqr|void
reco::Candidate|double|px|void
reco::Candidate|double|py|void
reco::Candidate|double|pz|void
reco::Candidate|double|pt|void
reco::Candidate|double|phi|void
reco::Candidate|double|theta|void
reco::Candidate|double|eta|void
reco::Candidate|double|rapidity|void
reco::Candidate|double|y|void
reco::Candidate|const math::XYZPoint&|vertex|void
reco::Candidate|double|vx|void
reco::Candidate|double|vy|void
reco::Candidate|double|vz|void
reco::Candidate|int|pdgId|void
reco::Candidate|int|status|void
reco::Candidate|bool|longLived|void
reco::Candidate|bool|massConstraint|void
