pat::Tau|Tau*|clone|void
pat::Tau|const reco::TrackRefVector&|isolationTracks|void
pat::Tau|reco::TrackRef|leadTrack|void
pat::Tau|const reco::TrackRefVector&|signalTracks|void
pat::Tau|const reco::GenJet*|genJet|void
pat::Tau|bool|isCaloTau|void
pat::Tau|const pat::tau::TauCaloSpecific&|caloSpecific|void
pat::Tau|reco::CaloTauTagInfoRef|caloTauTagInfoRef|void
pat::Tau|float|leadTracksignedSipt|void
pat::Tau|float|leadTrackHCAL3x3hitsEtSum|void
pat::Tau|float|leadTrackHCAL3x3hottesthitDEta|void
pat::Tau|float|signalTracksInvariantMass|void
pat::Tau|float|TracksInvariantMass|void
pat::Tau|float|isolationTracksPtSum|void
pat::Tau|float|isolationECALhitsEtSum|void
pat::Tau|float|maximumHCALhitEt|void
pat::Tau|bool|isPFTau|void
pat::Tau|const pat::tau::TauPFSpecific&|pfSpecific|void
pat::Tau|const reco::PFTauTagInfoRef&|pfTauTagInfoRef|void
pat::Tau|const reco::PFCandidateRef&|leadPFChargedHadrCand|void
pat::Tau|float|leadPFChargedHadrCandsignedSipt|void
pat::Tau|const reco::PFCandidateRefVector&|signalPFCands|void
pat::Tau|const reco::PFCandidateRefVector&|signalPFChargedHadrCands|void
pat::Tau|const reco::PFCandidateRefVector&|signalPFNeutrHadrCands|void
pat::Tau|const reco::PFCandidateRefVector&|signalPFGammaCands|void
pat::Tau|const reco::PFCandidateRefVector&|isolationPFCands|void
pat::Tau|const reco::PFCandidateRefVector&|isolationPFChargedHadrCands|void
pat::Tau|const reco::PFCandidateRefVector&|isolationPFNeutrHadrCands|void
pat::Tau|const reco::PFCandidateRefVector&|isolationPFGammaCands|void
pat::Tau|float|isolationPFChargedHadrCandsPtSum|void
pat::Tau|float|isolationPFGammaCandsEtSum|void
pat::Tau|float|maximumHCALPFClusterEt|void
pat::Tau|float|emFraction|void
pat::Tau|float|hcalTotOverPLead|void
pat::Tau|float|hcalMaxOverPLead|void
pat::Tau|float|hcal3x3OverPLead|void
pat::Tau|float|ecalStripSumEOverPLead|void
pat::Tau|float|bremsRecoveryEOverPLead|void
pat::Tau|const reco::TrackRef&|electronPreIDTrack|void
pat::Tau|float|electronPreIDOutput|void
pat::Tau|bool|electronPreIDDecision|void
pat::Tau|float|caloComp|void
pat::Tau|float|segComp|void
pat::Tau|bool|muonDecision|void
pat::Tau|int|decayMode|void
pat::Tau|float|tauID|const std::string&
pat::Tau|bool|isTauIDAvailable|const std::string&
pat::Tau|const std::vector<std::pair<std::string, float>>&|tauIDs|void
pat::Lepton<reco::BaseTau>|const reco::GenParticle*|genLepton|void
pat::Lepton<reco::BaseTau>|float|trackIso|void
pat::Lepton<reco::BaseTau>|float|caloIso|void
pat::Lepton<reco::BaseTau>|float|ecalIso|void
pat::Lepton<reco::BaseTau>|float|hcalIso|void
pat::Lepton<reco::BaseTau>|float|particleIso|void
pat::Lepton<reco::BaseTau>|float|chargedParticleIso|void
pat::Lepton<reco::BaseTau>|float|neutralParticleIso|void
pat::Lepton<reco::BaseTau>|float|gammaParticleIso|void
pat::Lepton<reco::BaseTau>|const reco::IsoDeposit*|trackerIsoDeposit|void
pat::Lepton<reco::BaseTau>|const reco::IsoDeposit*|ecalIsoDeposit|void
pat::Lepton<reco::BaseTau>|const reco::IsoDeposit*|hcalIsoDeposit|void
pat::Lepton<reco::BaseTau>|Lepton<reco::BaseTau>*|clone|void
pat::PATObject<reco::BaseTau>|const reco::Candidate*|originalObject|void
pat::PATObject<reco::BaseTau>|const std::vector<TriggerObjectStandAlone >&|triggerObjectMatches|void
pat::PATObject<reco::BaseTau>|const std::vector<TriggerObjectStandAlone >|triggerObjectMatchesByFilterID|const unsigned
pat::PATObject<reco::BaseTau>|const std::vector<TriggerObjectStandAlone >|triggerObjectMatchesByCollection|const std::string&
pat::PATObject<reco::BaseTau>|const std::vector<TriggerObjectStandAlone >|triggerObjectMatchesByFilter|const std::string&
pat::PATObject<reco::BaseTau>|const std::vector<TriggerObjectStandAlone >|triggerObjectMatchesByPath|const std::string&
pat::PATObject<reco::BaseTau>|const pat::LookupTableRecord&|efficiency|const std::string&
pat::PATObject<reco::BaseTau>|reco::GenParticleRef|genParticleRef|size_t=0
pat::PATObject<reco::BaseTau>|const reco::GenParticle*|genParticle|size_t=0
pat::PATObject<reco::BaseTau>|size_t|genParticlesSize|void
pat::PATObject<reco::BaseTau>|bool|hasOverlaps|const std::string&
pat::PATObject<reco::BaseTau>|const reco::edm::PtrVector<Candidate>&|overlaps|const std::string&
pat::PATObject<reco::BaseTau>|bool|hasUserData|const std::string&
pat::PATObject<reco::BaseTau>|const std::string&|userDataObjectType|const std::string&
pat::PATObject<reco::BaseTau>|const void*|userDataBare|const std::string&
pat::PATObject<reco::BaseTau>|float|userFloat|const std::string&
pat::PATObject<reco::BaseTau>|bool|hasUserFloat|const std::string&
pat::PATObject<reco::BaseTau>|int32_t|userInt|const std::string&
pat::PATObject<reco::BaseTau>|bool|hasUserInt|const std::string&
pat::PATObject<reco::BaseTau>|const pat::CandKinResolution&|getKinResolution|const std::string&=""
pat::PATObject<reco::BaseTau>|bool|hasKinResolution|const std::string&=""
pat::PATObject<reco::BaseTau>|double|resolEta|const std::string&=""
pat::PATObject<reco::BaseTau>|double|resolTheta|const std::string&=""
pat::PATObject<reco::BaseTau>|double|resolPhi|const std::string&=""
pat::PATObject<reco::BaseTau>|double|resolE|const std::string&=""
pat::PATObject<reco::BaseTau>|double|resolEt|const std::string&=""
pat::PATObject<reco::BaseTau>|double|resolP|const std::string&=""
pat::PATObject<reco::BaseTau>|double|resolPt|const std::string&=""
pat::PATObject<reco::BaseTau>|double|resolPInv|const std::string&=""
pat::PATObject<reco::BaseTau>|double|resolPx|const std::string&=""
pat::PATObject<reco::BaseTau>|double|resolPy|const std::string&=""
pat::PATObject<reco::BaseTau>|double|resolPz|const std::string&=""
pat::PATObject<reco::BaseTau>|double|resolM|const std::string&=""
pat::PATObject<reco::BaseTau>|const edm::Ptr<reco::Candidate>&|originalObjectRef|void
pat::PATObject<reco::BaseTau>|const std::vector<TriggerPrimitive>&|triggerMatches|void
pat::PATObject<reco::BaseTau>|const std::vector<TriggerPrimitive>|triggerMatchesByFilter|const std::string&
pat::PATObject<reco::BaseTau>|std::vector<std::pair<std::string, pat::LookupTableRecord> >|efficiencies|void
pat::PATObject<reco::BaseTau>|const std::vector<std::string>&|efficiencyNames|void
pat::PATObject<reco::BaseTau>|const std::vector<pat::LookupTableRecord>&|efficiencyValues|void
pat::PATObject<reco::BaseTau>|std::vector<reco::GenParticleRef>|genParticleRefs|void
pat::PATObject<reco::BaseTau>|const std::vector<std::string>&|overlapLabels|void
pat::PATObject<reco::BaseTau>|template<typename T> const T*|userData|const std::string&
pat::PATObject<reco::BaseTau>|const std::vector<std::string>&|userDataNames|void
pat::PATObject<reco::BaseTau>|const std::vector<std::string>&|userFloatNames|void
pat::PATObject<reco::BaseTau>|const std::vector<std::string>&|userIntNames|void
reco::BaseTau|BaseTau*|clone|void
reco::BaseTau|math::ROOT::Math::LorentzVector<ROOT::Math::PxPyPzE4D<double> >|alternatLorentzVect|void
reco::BaseTau|reco::edm::Ref<std::vector<Track>>|leadTrack|void
reco::BaseTau|const reco::edm::RefVector<std::vector<Track>>&|signalTracks|void
reco::BaseTau|const reco::edm::RefVector<std::vector<Track>>&|isolationTracks|void
reco::RecoCandidate|reco::edm::Ref<std::vector<Track>>|track|void
reco::RecoCandidate|reco::edm::Ref<std::vector<Track>>|track|
reco::RecoCandidate|size_t|numberOfTracks|void
reco::RecoCandidate|reco::edm::Ref<GsfTrackCollection>|gsfTrack|void
reco::RecoCandidate|reco::edm::Ref<std::vector<Track>>|standAloneMuon|void
reco::RecoCandidate|reco::edm::Ref<std::vector<Track>>|combinedMuon|void
reco::RecoCandidate|reco::edm::Ref<std::vector<SuperCluster>>|superCluster|void
reco::RecoCandidate|edm::Ref<CaloTowerCollection>|caloTower|void
reco::RecoCandidate|const Track*|bestTrack|void
reco::RecoCandidate|edm::RefToBase<reco::Track>|bestTrackRef|void
reco::RecoCandidate|TrackType|bestTrackType|void
reco::LeafCandidate|LeafCandidate*|clone|void
reco::LeafCandidate|candidate::const_iterator|begin|void
reco::LeafCandidate|candidate::const_iterator|end|void
reco::LeafCandidate|candidate::iterator|begin|void
reco::LeafCandidate|candidate::iterator|end|void
reco::LeafCandidate|size_t|numberOfDaughters|void
reco::LeafCandidate|size_t|numberOfMothers|void
reco::Candidate|Candidate*|clone|void
reco::Particle|int|charge|void
reco::Particle|int|threeCharge|void
reco::Particle|const math::XYZTLorentzVectorD&|p4|void
reco::Particle|const math::ROOT::Math::LorentzVector<ROOT::Math::PtEtaPhiM4D<double> >&|polarP4|void
reco::Particle|math::XYZVector|momentum|void
reco::Particle|math::XYZVector|boostToCM|void
reco::Particle|double|p|void
reco::Particle|double|energy|void
reco::Particle|double|et|void
reco::Particle|double|mass|void
reco::Particle|double|massSqr|void
reco::Particle|double|mt|void
reco::Particle|double|mtSqr|void
reco::Particle|double|px|void
reco::Particle|double|py|void
reco::Particle|double|pz|void
reco::Particle|double|pt|void
reco::Particle|double|phi|void
reco::Particle|double|theta|void
reco::Particle|double|eta|void
reco::Particle|double|rapidity|void
reco::Particle|double|y|void
reco::Particle|const math::XYZPoint&|vertex|void
reco::Particle|double|vx|void
reco::Particle|double|vy|void
reco::Particle|double|vz|void
reco::Particle|int|pdgId|void
reco::Particle|int|status|void
reco::Particle|bool|longLived|void
