reco::TrackExtra|const math::XYZPoint&|outerPosition|void
reco::TrackExtra|const math::XYZVector&|outerMomentum|void
reco::TrackExtra|bool|outerOk|void
reco::TrackExtra|const math::XYZPoint&|innerPosition|void
reco::TrackExtra|const math::XYZVector&|innerMomentum|void
reco::TrackExtra|bool|innerOk|void
reco::TrackExtra|double|outerPx|void
reco::TrackExtra|double|outerPy|void
reco::TrackExtra|double|outerPz|void
reco::TrackExtra|double|outerX|void
reco::TrackExtra|double|outerY|void
reco::TrackExtra|double|outerZ|void
reco::TrackExtra|double|outerP|void
reco::TrackExtra|double|outerPt|void
reco::TrackExtra|double|outerPhi|void
reco::TrackExtra|double|outerEta|void
reco::TrackExtra|double|outerTheta|void
reco::TrackExtra|double|outerRadius|void
reco::TrackExtra|math::Error<5>::ROOT::Math::SMatrix<double, N, N, ROOT::Math::MatRepSym<double, N> >|outerStateCovariance|void
reco::TrackExtra|math::Error<5>::ROOT::Math::SMatrix<double, N, N, ROOT::Math::MatRepSym<double, N> >|innerStateCovariance|void
reco::TrackExtra|unsigned int|outerDetId|void
reco::TrackExtra|unsigned int|innerDetId|void
reco::TrackExtra|PropagationDirection|seedDirection|void
reco::TrackExtra|const TrackResiduals&|residuals|void
reco::TrackExtra|edm::RefToBase<TrajectorySeed>|seedRef|void
reco::TrackExtraBase|trackingRecHit_iterator|recHitsBegin|void
reco::TrackExtraBase|trackingRecHit_iterator|recHitsEnd|void
reco::TrackExtraBase|size_t|recHitsSize|void
reco::TrackExtraBase|TrackingRecHitRef|recHit|size_t
reco::TrackExtraBase|TrackingRecHitRefVector|recHits|void
