reco::Candidate|Candidate*|clone|void
reco::Candidate|candidate::const_iterator|begin|void
reco::Candidate|candidate::const_iterator|end|void
reco::Candidate|candidate::iterator|begin|void
reco::Candidate|candidate::iterator|end|void
reco::Candidate|size_t|numberOfDaughters|void
reco::Candidate|Candidate*|daughter|const std::string&
reco::Candidate|const Candidate*|daughter|const std::string&
reco::Candidate|size_t|numberOfMothers|void
reco::Candidate|size_t|numberOfSourceCandidatePtrs|void
reco::Candidate|double|vertexChi2|void
reco::Candidate|double|vertexNdof|void
reco::Candidate|double|vertexNormalizedChi2|void
reco::Candidate|math::Error<dimension>::type|vertexCovariance|void
reco::Candidate|bool|hasMasterClone|void
reco::Candidate|const edm::RefToBase<Candidate>&|masterClone|void
reco::Candidate|bool|hasMasterClonePtr|void
reco::Candidate|const edm::Ptr<Candidate>&|masterClonePtr|void
reco::Candidate|bool|isElectron|void
reco::Candidate|bool|isMuon|void
reco::Candidate|bool|isStandAloneMuon|void
reco::Candidate|bool|isGlobalMuon|void
reco::Candidate|bool|isTrackerMuon|void
reco::Candidate|bool|isCaloMuon|void
reco::Candidate|bool|isPhoton|void
reco::Candidate|bool|isConvertedPhoton|void
reco::Candidate|bool|isJet|void
reco::Candidate|template<typename Ref> Ref|masterRef|void
reco::Candidate|template<typename T> T|get|void
reco::Candidate|template<typename T, typename Tag> T|get|void
reco::Candidate|template<typename T> size_t|numberOf|void
reco::Candidate|template<typename T, typename Tag> size_t|numberOf|void
reco::Particle|int|charge|void
reco::Particle|int|threeCharge|void
reco::Particle|const math::XYZTLorentzVectorD&|p4|void
reco::Particle|const math::ROOT::Math::LorentzVector<ROOT::Math::PtEtaPhiM4D<double> >&|polarP4|void
reco::Particle|math::XYZVector|momentum|void
reco::Particle|math::XYZVector|boostToCM|void
reco::Particle|double|p|void
reco::Particle|double|energy|void
reco::Particle|double|et|void
reco::Particle|double|mass|void
reco::Particle|double|massSqr|void
reco::Particle|double|mt|void
reco::Particle|double|mtSqr|void
reco::Particle|double|px|void
reco::Particle|double|py|void
reco::Particle|double|pz|void
reco::Particle|double|pt|void
reco::Particle|double|phi|void
reco::Particle|double|theta|void
reco::Particle|double|eta|void
reco::Particle|double|rapidity|void
reco::Particle|double|y|void
reco::Particle|const math::XYZPoint&|vertex|void
reco::Particle|double|vx|void
reco::Particle|double|vy|void
reco::Particle|double|vz|void
reco::Particle|int|pdgId|void
reco::Particle|int|status|void
reco::Particle|bool|longLived|void
