pat::GenericParticle|GenericParticle*|clone|void
pat::GenericParticle|reco::TrackRef|track|void
pat::GenericParticle|reco::TrackRef|track|size_t
pat::GenericParticle|size_t|numberOfTracks|void
pat::GenericParticle|reco::GsfTrackRef|gsfTrack|void
pat::GenericParticle|reco::TrackRef|standAloneMuon|void
pat::GenericParticle|reco::TrackRef|combinedMuon|void
pat::GenericParticle|reco::SuperClusterRef|superCluster|void
pat::GenericParticle|CaloTowerRef|caloTower|void
pat::GenericParticle|float|quality|void
pat::GenericParticle|float|trackIso|void
pat::GenericParticle|float|caloIso|void
pat::GenericParticle|float|ecalIso|void
pat::GenericParticle|float|hcalIso|void
pat::GenericParticle|const IsoDeposit*|trackIsoDeposit|void
pat::GenericParticle|const IsoDeposit*|ecalIsoDeposit|void
pat::GenericParticle|const IsoDeposit*|hcalIsoDeposit|void
pat::GenericParticle|const pat::VertexAssociation*|vertexAssociation|size_t=0
pat::GenericParticle|const std::vector<pat::VertexAssociation>&|vertexAssociations|void
pat::PATObject<reco::RecoCandidate>|const reco::Candidate*|originalObject|void
pat::PATObject<reco::RecoCandidate>|const std::vector<TriggerObjectStandAlone >&|triggerObjectMatches|void
pat::PATObject<reco::RecoCandidate>|const std::vector<TriggerObjectStandAlone >|triggerObjectMatchesByFilterID|const unsigned
pat::PATObject<reco::RecoCandidate>|const std::vector<TriggerObjectStandAlone >|triggerObjectMatchesByCollection|const std::string&
pat::PATObject<reco::RecoCandidate>|const std::vector<TriggerObjectStandAlone >|triggerObjectMatchesByFilter|const std::string&
pat::PATObject<reco::RecoCandidate>|const std::vector<TriggerObjectStandAlone >|triggerObjectMatchesByPath|const std::string&
pat::PATObject<reco::RecoCandidate>|const pat::LookupTableRecord&|efficiency|const std::string&
pat::PATObject<reco::RecoCandidate>|reco::GenParticleRef|genParticleRef|size_t=0
pat::PATObject<reco::RecoCandidate>|const reco::GenParticle*|genParticle|size_t=0
pat::PATObject<reco::RecoCandidate>|size_t|genParticlesSize|void
pat::PATObject<reco::RecoCandidate>|bool|hasOverlaps|const std::string&
pat::PATObject<reco::RecoCandidate>|const reco::CandidatePtrVector&|overlaps|const std::string&
pat::PATObject<reco::RecoCandidate>|bool|hasUserData|const std::string&
pat::PATObject<reco::RecoCandidate>|const std::string&|userDataObjectType|const std::string&
pat::PATObject<reco::RecoCandidate>|const void*|userDataBare|const std::string&
pat::PATObject<reco::RecoCandidate>|float|userFloat|const std::string&
pat::PATObject<reco::RecoCandidate>|bool|hasUserFloat|const std::string&
pat::PATObject<reco::RecoCandidate>|int32_t|userInt|const std::string&
pat::PATObject<reco::RecoCandidate>|bool|hasUserInt|const std::string&
pat::PATObject<reco::RecoCandidate>|reco::CandidatePtr|userCand|const std::string&
pat::PATObject<reco::RecoCandidate>|bool|hasUserCand|const std::string&
pat::PATObject<reco::RecoCandidate>|const pat::CandKinResolution&|getKinResolution|const std::string&=""
pat::PATObject<reco::RecoCandidate>|bool|hasKinResolution|const std::string&=""
pat::PATObject<reco::RecoCandidate>|double|resolEta|const std::string&=""
pat::PATObject<reco::RecoCandidate>|double|resolTheta|const std::string&=""
pat::PATObject<reco::RecoCandidate>|double|resolPhi|const std::string&=""
pat::PATObject<reco::RecoCandidate>|double|resolE|const std::string&=""
pat::PATObject<reco::RecoCandidate>|double|resolEt|const std::string&=""
pat::PATObject<reco::RecoCandidate>|double|resolP|const std::string&=""
pat::PATObject<reco::RecoCandidate>|double|resolPt|const std::string&=""
pat::PATObject<reco::RecoCandidate>|double|resolPInv|const std::string&=""
pat::PATObject<reco::RecoCandidate>|double|resolPx|const std::string&=""
pat::PATObject<reco::RecoCandidate>|double|resolPy|const std::string&=""
pat::PATObject<reco::RecoCandidate>|double|resolPz|const std::string&=""
pat::PATObject<reco::RecoCandidate>|double|resolM|const std::string&=""
pat::PATObject<reco::RecoCandidate>|const edm::Ptr<reco::Candidate>&|originalObjectRef|void
pat::PATObject<reco::RecoCandidate>|std::vector<std::pair<std::string, pat::LookupTableRecord> >|efficiencies|void
pat::PATObject<reco::RecoCandidate>|const std::vector<std::string>&|efficiencyNames|void
pat::PATObject<reco::RecoCandidate>|const std::vector<pat::LookupTableRecord>&|efficiencyValues|void
pat::PATObject<reco::RecoCandidate>|std::vector<reco::GenParticleRef>|genParticleRefs|void
pat::PATObject<reco::RecoCandidate>|const std::vector<std::string>&|overlapLabels|void
pat::PATObject<reco::RecoCandidate>|template<typename T> const T*|userData|const std::string&
pat::PATObject<reco::RecoCandidate>|const std::vector<std::string>&|userDataNames|void
pat::PATObject<reco::RecoCandidate>|const std::vector<std::string>&|userFloatNames|void
pat::PATObject<reco::RecoCandidate>|const std::vector<std::string>&|userIntNames|void
pat::PATObject<reco::RecoCandidate>|const std::vector<std::string>&|userCandNames|void
reco::LeafCandidate|candidate::const_iterator|begin|void
reco::LeafCandidate|candidate::const_iterator|end|void
reco::Candidate|int|charge|void
reco::Candidate|int|threeCharge|void
reco::Candidate|const math::XYZTLorentzVector&|p4|void
reco::Candidate|const math::PtEtaPhiMLorentzVector&|polarP4|void
reco::Candidate|math::XYZVector|momentum|void
reco::Candidate|math::XYZVector|boostToCM|void
reco::Candidate|double|p|void
reco::Candidate|double|energy|void
reco::Candidate|double|et|void
reco::Candidate|double|mass|void
reco::Candidate|double|massSqr|void
reco::Candidate|double|mt|void
reco::Candidate|double|mtSqr|void
reco::Candidate|double|px|void
reco::Candidate|double|py|void
reco::Candidate|double|pz|void
reco::Candidate|double|pt|void
reco::Candidate|double|phi|void
reco::Candidate|double|theta|void
reco::Candidate|double|eta|void
reco::Candidate|double|rapidity|void
reco::Candidate|double|y|void
reco::Candidate|const math::XYZPoint&|vertex|void
reco::Candidate|double|vx|void
reco::Candidate|double|vy|void
reco::Candidate|double|vz|void
reco::Candidate|int|pdgId|void
reco::Candidate|int|status|void
reco::Candidate|bool|longLived|void
reco::Candidate|bool|massConstraint|void
