L1TriggerScalers|std::string|name|void
L1TriggerScalers|bool|empty|void
L1TriggerScalers|int|version|void
L1TriggerScalers|unsigned int|trigType|void
L1TriggerScalers|unsigned int|eventID|void
L1TriggerScalers|unsigned int|sourceID|void
L1TriggerScalers|unsigned int|bunchNumber|void
L1TriggerScalers|timespec|collectionTimeSpecial|void
L1TriggerScalers|unsigned int|orbitNumber|void
L1TriggerScalers|unsigned int|luminositySection|void
L1TriggerScalers|unsigned int|bunchCrossingErrors|void
L1TriggerScalers|timespec|collectionTimeSummary|void
L1TriggerScalers|unsigned int|triggerNumber|void
L1TriggerScalers|unsigned int|eventNumber|void
L1TriggerScalers|unsigned int|finalTriggersDistributed|void
L1TriggerScalers|unsigned int|calibrationTriggers|void
L1TriggerScalers|unsigned int|randomTriggers|void
L1TriggerScalers|unsigned int|totalTestTriggers|void
L1TriggerScalers|unsigned int|finalTriggersGenerated|void
L1TriggerScalers|unsigned int|finalTriggersInvalidBC|void
L1TriggerScalers|unsigned long long|deadTime|void
L1TriggerScalers|unsigned long long|lostFinalTriggers|void
L1TriggerScalers|unsigned long long|deadTimeActive|void
L1TriggerScalers|unsigned long long|lostFinalTriggersActive|void
L1TriggerScalers|unsigned long long|deadTimeActivePrivate|void
L1TriggerScalers|unsigned long long|deadTimeActivePartition|void
L1TriggerScalers|unsigned long long|deadTimeActiveThrottle|void
L1TriggerScalers|unsigned long long|deadTimeActiveCalibration|void
L1TriggerScalers|unsigned long long|deadTimeActiveTimeSlot|void
L1TriggerScalers|unsigned int|numberResets|void
L1TriggerScalers|timespec|collectionTimeDetails|void
L1TriggerScalers|std::vector<unsigned int>|triggers|void
L1TriggerScalers|std::vector<unsigned int>|testTriggers|void
