reco::PileUpPFCandidate|PileUpPFCandidate*|clone|void
reco::PileUpPFCandidate|const edm::Ref<std::vector<Vertex>>&|vertexRef|void
reco::PFCandidate|PFCandidate*|clone|void
reco::PFCandidate|size_t|numberOfSourceCandidatePtrs|void
reco::PFCandidate|reco::edm::Ref<std::vector<Track>>|trackRef|void
reco::PFCandidate|reco::edm::Ref<GsfTrackCollection>|gsfTrackRef|void
reco::PFCandidate|reco::edm::Ref<std::vector<Muon>>|muonRef|void
reco::PFCandidate|reco::edm::Ref<NuclearInteractionCollection>|nuclearRef|void
reco::PFCandidate|reco::edm::Ref<std::vector<Conversion>>|conversionRef|void
reco::PFCandidate|double|ecalEnergy|void
reco::PFCandidate|double|hcalEnergy|void
reco::PFCandidate|double|rawEcalEnergy|void
reco::PFCandidate|double|rawHcalEnergy|void
reco::PFCandidate|double|pS1Energy|void
reco::PFCandidate|double|pS2Energy|void
reco::PFCandidate|double|deltaP|void
reco::PFCandidate|float|mva_e_pi|void
reco::PFCandidate|float|mva_e_mu|void
reco::PFCandidate|float|mva_pi_mu|void
reco::PFCandidate|float|mva_nothing_gamma|void
reco::PFCandidate|float|mva_nothing_nh|void
reco::PFCandidate|float|mva_gamma_nh|void
reco::PFCandidate|const math::ROOT::Math::PositionVector3D<ROOT::Math::Cartesian3D<float> >&|positionAtECALEntrance|void
reco::PFCandidate|ParticleType|particleId|void
reco::PFCandidate|const std::vector<ElementInBlock >&|elementsInBlocks|void
reco::CompositeCandidate|std::string|name|void
reco::CompositeCandidate|std::vector<std::string> const&|roles|void
reco::CompositeCandidate|CompositeCandidate*|clone|void
reco::CompositeCandidate|candidate::const_iterator|begin|void
reco::CompositeCandidate|candidate::const_iterator|end|void
reco::CompositeCandidate|candidate::iterator|begin|void
reco::CompositeCandidate|candidate::iterator|end|void
reco::CompositeCandidate|size_t|numberOfDaughters|void
reco::CompositeCandidate|Candidate*|daughter|const std::string&
reco::CompositeCandidate|const Candidate*|daughter|const std::string&
reco::CompositeCandidate|size_t|numberOfMothers|void
reco::Candidate|Candidate*|clone|void
reco::Particle|int|charge|void
reco::Particle|int|threeCharge|void
reco::Particle|const math::XYZTLorentzVectorD&|p4|void
reco::Particle|const math::ROOT::Math::LorentzVector<ROOT::Math::PtEtaPhiM4D<double> >&|polarP4|void
reco::Particle|math::XYZVector|momentum|void
reco::Particle|math::XYZVector|boostToCM|void
reco::Particle|double|p|void
reco::Particle|double|energy|void
reco::Particle|double|et|void
reco::Particle|double|mass|void
reco::Particle|double|massSqr|void
reco::Particle|double|mt|void
reco::Particle|double|mtSqr|void
reco::Particle|double|px|void
reco::Particle|double|py|void
reco::Particle|double|pz|void
reco::Particle|double|pt|void
reco::Particle|double|phi|void
reco::Particle|double|theta|void
reco::Particle|double|eta|void
reco::Particle|double|rapidity|void
reco::Particle|double|y|void
reco::Particle|const math::XYZPoint&|vertex|void
reco::Particle|double|vx|void
reco::Particle|double|vy|void
reco::Particle|double|vz|void
reco::Particle|int|pdgId|void
reco::Particle|int|status|void
reco::Particle|bool|longLived|void
