pat::MET|MET*|clone|void
pat::MET|const reco::GenMET*|genMET|void
pat::MET|unsigned int|nCorrections|void
pat::MET|bool|isCaloMET|void
pat::MET|bool|isRecoMET|void
pat::MET|double|maxEtInEmTowers|void
pat::MET|double|maxEtInHadTowers|void
pat::MET|double|etFractionHadronic|void
pat::MET|double|emEtFraction|void
pat::MET|double|hadEtInHB|void
pat::MET|double|hadEtInHO|void
pat::MET|double|hadEtInHE|void
pat::MET|double|hadEtInHF|void
pat::MET|double|emEtInEB|void
pat::MET|double|emEtInEE|void
pat::MET|double|emEtInHF|void
pat::MET|double|metSignificance|void
pat::MET|double|CaloSETInpHF|void
pat::MET|double|CaloSETInmHF|void
pat::MET|double|CaloMETInpHF|void
pat::MET|double|CaloMETInmHF|void
pat::MET|double|CaloMETPhiInpHF|void
pat::MET|double|CaloMETPhiInmHF|void
pat::MET|const SpecificCaloMETData&|caloSpecific|void
pat::PATObject<reco::MET>|const reco::Candidate*|originalObject|void
pat::PATObject<reco::MET>|const std::vector<TriggerObjectStandAlone >&|triggerObjectMatches|void
pat::PATObject<reco::MET>|const std::vector<TriggerObjectStandAlone >|triggerObjectMatchesByFilterID|const unsigned
pat::PATObject<reco::MET>|const std::vector<TriggerObjectStandAlone >|triggerObjectMatchesByCollection|const std::string&
pat::PATObject<reco::MET>|const std::vector<TriggerObjectStandAlone >|triggerObjectMatchesByFilter|const std::string&
pat::PATObject<reco::MET>|const std::vector<TriggerObjectStandAlone >|triggerObjectMatchesByPath|const std::string&
pat::PATObject<reco::MET>|const pat::LookupTableRecord&|efficiency|const std::string&
pat::PATObject<reco::MET>|reco::GenParticleRef|genParticleRef|size_t=0
pat::PATObject<reco::MET>|const reco::GenParticle*|genParticle|size_t=0
pat::PATObject<reco::MET>|size_t|genParticlesSize|void
pat::PATObject<reco::MET>|bool|hasOverlaps|const std::string&
pat::PATObject<reco::MET>|const reco::CandidatePtrVector&|overlaps|const std::string&
pat::PATObject<reco::MET>|bool|hasUserData|const std::string&
pat::PATObject<reco::MET>|const std::string&|userDataObjectType|const std::string&
pat::PATObject<reco::MET>|const void*|userDataBare|const std::string&
pat::PATObject<reco::MET>|float|userFloat|const std::string&
pat::PATObject<reco::MET>|bool|hasUserFloat|const std::string&
pat::PATObject<reco::MET>|int32_t|userInt|const std::string&
pat::PATObject<reco::MET>|bool|hasUserInt|const std::string&
pat::PATObject<reco::MET>|reco::CandidatePtr|userCand|const std::string&
pat::PATObject<reco::MET>|bool|hasUserCand|const std::string&
pat::PATObject<reco::MET>|const pat::CandKinResolution&|getKinResolution|const std::string&=""
pat::PATObject<reco::MET>|bool|hasKinResolution|const std::string&=""
pat::PATObject<reco::MET>|double|resolEta|const std::string&=""
pat::PATObject<reco::MET>|double|resolTheta|const std::string&=""
pat::PATObject<reco::MET>|double|resolPhi|const std::string&=""
pat::PATObject<reco::MET>|double|resolE|const std::string&=""
pat::PATObject<reco::MET>|double|resolEt|const std::string&=""
pat::PATObject<reco::MET>|double|resolP|const std::string&=""
pat::PATObject<reco::MET>|double|resolPt|const std::string&=""
pat::PATObject<reco::MET>|double|resolPInv|const std::string&=""
pat::PATObject<reco::MET>|double|resolPx|const std::string&=""
pat::PATObject<reco::MET>|double|resolPy|const std::string&=""
pat::PATObject<reco::MET>|double|resolPz|const std::string&=""
pat::PATObject<reco::MET>|double|resolM|const std::string&=""
pat::PATObject<reco::MET>|const edm::Ptr<reco::Candidate>&|originalObjectRef|void
pat::PATObject<reco::MET>|std::vector<std::pair<std::string, pat::LookupTableRecord> >|efficiencies|void
pat::PATObject<reco::MET>|const std::vector<std::string>&|efficiencyNames|void
pat::PATObject<reco::MET>|const std::vector<pat::LookupTableRecord>&|efficiencyValues|void
pat::PATObject<reco::MET>|std::vector<reco::GenParticleRef>|genParticleRefs|void
pat::PATObject<reco::MET>|const std::vector<std::string>&|overlapLabels|void
pat::PATObject<reco::MET>|template<typename T> const T*|userData|const std::string&
pat::PATObject<reco::MET>|const std::vector<std::string>&|userDataNames|void
pat::PATObject<reco::MET>|const std::vector<std::string>&|userFloatNames|void
pat::PATObject<reco::MET>|const std::vector<std::string>&|userIntNames|void
pat::PATObject<reco::MET>|const std::vector<std::string>&|userCandNames|void
reco::MET|double|sumEt|void
reco::MET|double|mEtSig|void
reco::MET|double|e_longitudinal|void
reco::MET|std::vector<double>|dmEx|void
reco::MET|std::vector<double>|dmEy|void
reco::MET|std::vector<double>|dsumEt|void
reco::MET|std::vector<CorrMETData>|mEtCorr|void
reco::RecoCandidate|reco::TrackRef|track|void
reco::RecoCandidate|reco::TrackRef|track|
reco::RecoCandidate|size_t|numberOfTracks|void
reco::RecoCandidate|reco::GsfTrackRef|gsfTrack|void
reco::RecoCandidate|reco::TrackRef|standAloneMuon|void
reco::RecoCandidate|reco::TrackRef|combinedMuon|void
reco::RecoCandidate|reco::SuperClusterRef|superCluster|void
reco::RecoCandidate|CaloTowerRef|caloTower|void
reco::RecoCandidate|const Track*|bestTrack|void
reco::RecoCandidate|TrackBaseRef|bestTrackRef|void
reco::RecoCandidate|TrackType|bestTrackType|void
reco::LeafCandidate|candidate::const_iterator|begin|void
reco::LeafCandidate|candidate::const_iterator|end|void
reco::Candidate|int|charge|void
reco::Candidate|int|threeCharge|void
reco::Candidate|const math::XYZTLorentzVector&|p4|void
reco::Candidate|const math::PtEtaPhiMLorentzVector&|polarP4|void
reco::Candidate|math::XYZVector|momentum|void
reco::Candidate|math::XYZVector|boostToCM|void
reco::Candidate|double|p|void
reco::Candidate|double|energy|void
reco::Candidate|double|et|void
reco::Candidate|double|mass|void
reco::Candidate|double|massSqr|void
reco::Candidate|double|mt|void
reco::Candidate|double|mtSqr|void
reco::Candidate|double|px|void
reco::Candidate|double|py|void
reco::Candidate|double|pz|void
reco::Candidate|double|pt|void
reco::Candidate|double|phi|void
reco::Candidate|double|theta|void
reco::Candidate|double|eta|void
reco::Candidate|double|rapidity|void
reco::Candidate|double|y|void
reco::Candidate|const math::XYZPoint&|vertex|void
reco::Candidate|double|vx|void
reco::Candidate|double|vy|void
reco::Candidate|double|vz|void
reco::Candidate|int|pdgId|void
reco::Candidate|int|status|void
reco::Candidate|bool|longLived|void
reco::Candidate|bool|massConstraint|void
