pat::Jet|Jet*|clone|void
pat::Jet|const reco::GenParticle*|genParton|void
pat::Jet|const reco::GenJet*|genJet|void
pat::Jet|int|partonFlavour|void
pat::Jet|bool|hasCorrFactors|void
pat::Jet|bool|hasCorrFactorSet|const std::string&
pat::Jet|std::string|corrFactorSetLabel|void
pat::Jet|std::string|corrStep|void
pat::Jet|std::string|corrFlavour|void
pat::Jet|float|bDiscriminator|const std::string&
pat::Jet|const reco::BaseTagInfo*|tagInfo|const std::string&
pat::Jet|const reco::TrackIPTagInfo*|tagInfoTrackIP|const std::string&=""
pat::Jet|const reco::SoftLeptonTagInfo*|tagInfoSoftLepton|const std::string&=""
pat::Jet|const reco::SecondaryVertexTagInfo*|tagInfoSecondaryVertex|const std::string&=""
pat::Jet|float|jetCharge|void
pat::Jet|const reco::edm::RefVector<TrackCollection>&|associatedTracks|void
pat::Jet|bool|isCaloJet|void
pat::Jet|bool|isPFJet|void
pat::Jet|bool|isBasicJet|void
pat::Jet|const reco::CaloJet::Specific&|caloSpecific|void
pat::Jet|const reco::PFJet::Specific&|pfSpecific|void
pat::Jet|float|maxEInEmTowers|void
pat::Jet|float|maxEInHadTowers|void
pat::Jet|float|energyFractionHadronic|void
pat::Jet|float|emEnergyFraction|void
pat::Jet|float|hadEnergyInHB|void
pat::Jet|float|hadEnergyInHO|void
pat::Jet|float|hadEnergyInHE|void
pat::Jet|float|hadEnergyInHF|void
pat::Jet|float|emEnergyInEB|void
pat::Jet|float|emEnergyInEE|void
pat::Jet|float|emEnergyInHF|void
pat::Jet|float|towersArea|void
pat::Jet|int|n90|void
pat::Jet|int|n60|void
pat::Jet|CaloTowerPtr|getCaloConstituent|unsigned
pat::Jet|float|chargedHadronEnergy|void
pat::Jet|float|chargedHadronEnergyFraction|void
pat::Jet|float|neutralHadronEnergy|void
pat::Jet|float|neutralHadronEnergyFraction|void
pat::Jet|float|chargedEmEnergy|void
pat::Jet|float|chargedEmEnergyFraction|void
pat::Jet|float|chargedMuEnergy|void
pat::Jet|float|chargedMuEnergyFraction|void
pat::Jet|float|neutralEmEnergy|void
pat::Jet|float|neutralEmEnergyFraction|void
pat::Jet|float|chargedMultiplicity|void
pat::Jet|float|neutralMultiplicity|void
pat::Jet|float|muonMultiplicity|void
pat::Jet|const reco::PFCandidate*|getPFConstituent|unsigned
pat::Jet|const reco::Candidate*|daughter|size_t
pat::Jet|size_t|numberOfDaughters|void
pat::Jet|const std::vector<std::string>|corrFactorSetLabels|void
pat::Jet|const std::vector<std::pair<std::string, float> >&|getPairDiscri|void
pat::Jet|std::vector<CaloTowerPtr>|getCaloConstituents|void
pat::Jet|std::vector<const reco::PFCandidate*>|getPFConstituents|void
pat::PATObject<reco::Jet>|const reco::Candidate*|originalObject|void
pat::PATObject<reco::Jet>|const std::vector<TriggerObjectStandAlone >&|triggerObjectMatches|void
pat::PATObject<reco::Jet>|const std::vector<TriggerObjectStandAlone >|triggerObjectMatchesByFilterID|const unsigned
pat::PATObject<reco::Jet>|const std::vector<TriggerObjectStandAlone >|triggerObjectMatchesByCollection|const std::string&
pat::PATObject<reco::Jet>|const std::vector<TriggerObjectStandAlone >|triggerObjectMatchesByFilter|const std::string&
pat::PATObject<reco::Jet>|const std::vector<TriggerObjectStandAlone >|triggerObjectMatchesByPath|const std::string&
pat::PATObject<reco::Jet>|const pat::LookupTableRecord&|efficiency|const std::string&
pat::PATObject<reco::Jet>|reco::GenParticleRef|genParticleRef|size_t=0
pat::PATObject<reco::Jet>|const reco::GenParticle*|genParticle|size_t=0
pat::PATObject<reco::Jet>|size_t|genParticlesSize|void
pat::PATObject<reco::Jet>|bool|hasOverlaps|const std::string&
pat::PATObject<reco::Jet>|const reco::edm::PtrVector<Candidate>&|overlaps|const std::string&
pat::PATObject<reco::Jet>|bool|hasUserData|const std::string&
pat::PATObject<reco::Jet>|const std::string&|userDataObjectType|const std::string&
pat::PATObject<reco::Jet>|const void*|userDataBare|const std::string&
pat::PATObject<reco::Jet>|float|userFloat|const std::string&
pat::PATObject<reco::Jet>|bool|hasUserFloat|const std::string&
pat::PATObject<reco::Jet>|int32_t|userInt|const std::string&
pat::PATObject<reco::Jet>|bool|hasUserInt|const std::string&
pat::PATObject<reco::Jet>|const pat::CandKinResolution&|getKinResolution|const std::string&=""
pat::PATObject<reco::Jet>|bool|hasKinResolution|const std::string&=""
pat::PATObject<reco::Jet>|double|resolEta|const std::string&=""
pat::PATObject<reco::Jet>|double|resolTheta|const std::string&=""
pat::PATObject<reco::Jet>|double|resolPhi|const std::string&=""
pat::PATObject<reco::Jet>|double|resolE|const std::string&=""
pat::PATObject<reco::Jet>|double|resolEt|const std::string&=""
pat::PATObject<reco::Jet>|double|resolP|const std::string&=""
pat::PATObject<reco::Jet>|double|resolPt|const std::string&=""
pat::PATObject<reco::Jet>|double|resolPInv|const std::string&=""
pat::PATObject<reco::Jet>|double|resolPx|const std::string&=""
pat::PATObject<reco::Jet>|double|resolPy|const std::string&=""
pat::PATObject<reco::Jet>|double|resolPz|const std::string&=""
pat::PATObject<reco::Jet>|double|resolM|const std::string&=""
pat::PATObject<reco::Jet>|const edm::Ptr<reco::Candidate>&|originalObjectRef|void
pat::PATObject<reco::Jet>|const std::vector<TriggerPrimitive>&|triggerMatches|void
pat::PATObject<reco::Jet>|const std::vector<TriggerPrimitive>|triggerMatchesByFilter|const std::string&
pat::PATObject<reco::Jet>|std::vector<std::pair<std::string, pat::LookupTableRecord> >|efficiencies|void
pat::PATObject<reco::Jet>|const std::vector<std::string>&|efficiencyNames|void
pat::PATObject<reco::Jet>|const std::vector<pat::LookupTableRecord>&|efficiencyValues|void
pat::PATObject<reco::Jet>|std::vector<reco::GenParticleRef>|genParticleRefs|void
pat::PATObject<reco::Jet>|const std::vector<std::string>&|overlapLabels|void
pat::PATObject<reco::Jet>|template<typename T> const T*|userData|const std::string&
pat::PATObject<reco::Jet>|const std::vector<std::string>&|userDataNames|void
pat::PATObject<reco::Jet>|const std::vector<std::string>&|userFloatNames|void
pat::PATObject<reco::Jet>|const std::vector<std::string>&|userIntNames|void
reco::Jet|EtaPhiMoments|etaPhiStatistics|void
reco::Jet|float|etaetaMoment|void
reco::Jet|float|phiphiMoment|void
reco::Jet|float|etaphiMoment|void
reco::Jet|int|nCarrying|float
reco::Jet|float|maxDistance|void
reco::Jet|int|nConstituents|void
reco::Jet|std::vector<Constituent>|getJetConstituents|void
reco::Jet|std::string|print|void
reco::Jet|float|jetArea|void
reco::Jet|float|pileup|void
reco::Jet|int|nPasses|void
reco::Jet|bool|isJet|void
reco::Jet|std::vector<const reco::Candidate*>|getJetConstituentsQuick|void
reco::CompositePtrCandidate|CompositePtrCandidate*|clone|void
reco::CompositePtrCandidate|candidate::const_iterator|begin|void
reco::CompositePtrCandidate|candidate::const_iterator|end|void
reco::CompositePtrCandidate|candidate::iterator|begin|void
reco::CompositePtrCandidate|candidate::iterator|end|void
reco::Candidate|Candidate*|clone|void
reco::Particle|int|charge|void
reco::Particle|int|threeCharge|void
reco::Particle|const math::XYZTLorentzVectorD&|p4|void
reco::Particle|const math::ROOT::Math::LorentzVector<ROOT::Math::PtEtaPhiM4D<double> >&|polarP4|void
reco::Particle|math::XYZVector|momentum|void
reco::Particle|math::XYZVector|boostToCM|void
reco::Particle|double|p|void
reco::Particle|double|energy|void
reco::Particle|double|et|void
reco::Particle|double|mass|void
reco::Particle|double|massSqr|void
reco::Particle|double|mt|void
reco::Particle|double|mtSqr|void
reco::Particle|double|px|void
reco::Particle|double|py|void
reco::Particle|double|pz|void
reco::Particle|double|pt|void
reco::Particle|double|phi|void
reco::Particle|double|theta|void
reco::Particle|double|eta|void
reco::Particle|double|rapidity|void
reco::Particle|double|y|void
reco::Particle|const math::XYZPoint&|vertex|void
reco::Particle|double|vx|void
reco::Particle|double|vy|void
reco::Particle|double|vz|void
reco::Particle|int|pdgId|void
reco::Particle|int|status|void
reco::Particle|bool|longLived|void
