reco::Muon|Muon*|clone|void
reco::Muon|TrackRef|innerTrack|void
reco::Muon|TrackRef|track|void
reco::Muon|TrackRef|outerTrack|void
reco::Muon|TrackRef|standAloneMuon|void
reco::Muon|TrackRef|globalTrack|void
reco::Muon|TrackRef|combinedMuon|void
reco::Muon|bool|isEnergyValid|void
reco::Muon|MuonEnergy|calEnergy|void
reco::Muon|bool|isTimeValid|void
reco::Muon|MuonTime|time|void
reco::Muon|bool|isMatchesValid|void
reco::Muon|float|caloCompatibility|void
reco::Muon|bool|isCaloCompatibilityValid|void
reco::Muon|float|segmentCompatibility|void
reco::Muon|const MuonIsolation&|isolationR03|void
reco::Muon|const MuonIsolation&|isolationR05|void
reco::Muon|bool|isIsolationValid|void
reco::Muon|int|numberOfChambers|void
reco::Muon|unsigned int|stationGapMaskDistance|float=10.
reco::Muon|unsigned int|stationGapMaskPull|float=3.
reco::Muon|unsigned int|type|void
reco::Muon|bool|isMuon|void
reco::Muon|bool|isGlobalMuon|void
reco::Muon|bool|isTrackerMuon|void
reco::Muon|bool|isStandAloneMuon|void
reco::Muon|bool|isCaloMuon|void
reco::Muon|std::vector<MuonChamberMatch>&|matches|void
reco::Muon|const std::vector<MuonChamberMatch>&|matches|void
reco::Muon|float|t0|int=0
reco::RecoCandidate|reco::edm::Ref<std::vector<Track>>|track|void
reco::RecoCandidate|reco::edm::Ref<std::vector<Track>>|track|
reco::RecoCandidate|size_t|numberOfTracks|void
reco::RecoCandidate|reco::edm::Ref<GsfTrackCollection>|gsfTrack|void
reco::RecoCandidate|reco::edm::Ref<std::vector<Track>>|standAloneMuon|void
reco::RecoCandidate|reco::edm::Ref<std::vector<Track>>|combinedMuon|void
reco::RecoCandidate|reco::edm::Ref<std::vector<SuperCluster>>|superCluster|void
reco::RecoCandidate|edm::Ref<CaloTowerCollection>|caloTower|void
reco::RecoCandidate|const Track*|bestTrack|void
reco::RecoCandidate|edm::RefToBase<reco::Track>|bestTrackRef|void
reco::RecoCandidate|TrackType|bestTrackType|void
reco::LeafCandidate|LeafCandidate*|clone|void
reco::LeafCandidate|candidate::const_iterator|begin|void
reco::LeafCandidate|candidate::const_iterator|end|void
reco::LeafCandidate|candidate::iterator|begin|void
reco::LeafCandidate|candidate::iterator|end|void
reco::LeafCandidate|size_t|numberOfDaughters|void
reco::LeafCandidate|size_t|numberOfMothers|void
reco::Candidate|Candidate*|clone|void
reco::Particle|int|charge|void
reco::Particle|int|threeCharge|void
reco::Particle|const math::XYZTLorentzVectorD&|p4|void
reco::Particle|const math::ROOT::Math::LorentzVector<ROOT::Math::PtEtaPhiM4D<double> >&|polarP4|void
reco::Particle|math::XYZVector|momentum|void
reco::Particle|math::XYZVector|boostToCM|void
reco::Particle|double|p|void
reco::Particle|double|energy|void
reco::Particle|double|et|void
reco::Particle|double|mass|void
reco::Particle|double|massSqr|void
reco::Particle|double|mt|void
reco::Particle|double|mtSqr|void
reco::Particle|double|px|void
reco::Particle|double|py|void
reco::Particle|double|pz|void
reco::Particle|double|pt|void
reco::Particle|double|phi|void
reco::Particle|double|theta|void
reco::Particle|double|eta|void
reco::Particle|double|rapidity|void
reco::Particle|double|y|void
reco::Particle|const math::XYZPoint&|vertex|void
reco::Particle|double|vx|void
reco::Particle|double|vy|void
reco::Particle|double|vz|void
reco::Particle|int|pdgId|void
reco::Particle|int|status|void
reco::Particle|bool|longLived|void
