HcalNoiseSummary|bool|passLooseNoiseFilter|void
HcalNoiseSummary|bool|passTightNoiseFilter|void
HcalNoiseSummary|bool|passHighLevelNoiseFilter|void
HcalNoiseSummary|int|noiseFilterStatus|void
HcalNoiseSummary|int|noiseType|void
HcalNoiseSummary|float|eventEMEnergy|void
HcalNoiseSummary|float|eventHadEnergy|void
HcalNoiseSummary|float|eventTrackEnergy|void
HcalNoiseSummary|float|eventEMFraction|void
HcalNoiseSummary|float|eventChargeFraction|void
HcalNoiseSummary|float|min10GeVHitTime|void
HcalNoiseSummary|float|max10GeVHitTime|void
HcalNoiseSummary|float|rms10GeVHitTime|void
HcalNoiseSummary|float|min25GeVHitTime|void
HcalNoiseSummary|float|max25GeVHitTime|void
HcalNoiseSummary|float|rms25GeVHitTime|void
HcalNoiseSummary|int|num10GeVHits|void
HcalNoiseSummary|int|num25GeVHits|void
HcalNoiseSummary|float|minE2TS|void
HcalNoiseSummary|float|minE10TS|void
HcalNoiseSummary|float|minE2Over10TS|void
HcalNoiseSummary|int|maxZeros|void
HcalNoiseSummary|int|maxHPDHits|void
HcalNoiseSummary|int|maxRBXHits|void
HcalNoiseSummary|float|minHPDEMF|void
HcalNoiseSummary|float|minRBXEMF|void
HcalNoiseSummary|int|numProblematicRBXs|void
HcalNoiseSummary|edm::RefVector<reco::CaloJetCollection>|problematicJets|void
