pat::TriggerEvent|std::string|nameHltTable|void
pat::TriggerEvent|bool|wasRun|void
pat::TriggerEvent|bool|wasAccept|void
pat::TriggerEvent|bool|wasError|void
pat::TriggerEvent|const std::vector<TriggerPath >*|paths|void
pat::TriggerEvent|const TriggerPath*|path|const std::string&
pat::TriggerEvent|unsigned|indexPath|const std::string&
pat::TriggerEvent|edm::RefVector<std::vector<TriggerPath > >|acceptedPaths|void
pat::TriggerEvent|const std::vector<TriggerFilter >*|filters|void
pat::TriggerEvent|const TriggerFilter*|filter|const std::string&
pat::TriggerEvent|unsigned|indexFilter|const std::string&
pat::TriggerEvent|edm::RefVector<TriggerFilterCollection >|acceptedFilters|void
pat::TriggerEvent|const std::vector<TriggerObject >*|objects|void
pat::TriggerEvent|edm::RefVector<TriggerObjectCollection >|objects|unsigned
pat::TriggerEvent|edm::RefVector<TriggerFilterCollection >|pathFilters|const std::string&
pat::TriggerEvent|edm::RefVector<TriggerObjectCollection >|filterObjects|const std::string&
pat::TriggerEvent|edm::RefVector<TriggerObjectCollection >|pathObjects|const std::string&
pat::TriggerEvent|const std::map<std::string, TriggerObjectMatchRefProd >*|triggerObjectMatchResults|void
pat::TriggerEvent|const edm::Association<TriggerObjectCollection >*|triggerObjectMatchResult|const std::string&
pat::TriggerEvent|std::vector<std::string >|filterCollections|const std::string&
pat::TriggerEvent|std::vector<std::string >|triggerMatchers|void
