pat::Electron|Electron*|clone|void
pat::Electron|reco::GsfTrackRef|gsfTrack|void
pat::Electron|reco::SuperClusterRef|superCluster|void
pat::Electron|reco::TrackRef|track|void
pat::Electron|float|electronID|const std::string&
pat::Electron|bool|isElectronIDAvailable|const std::string&
pat::Electron|float|trackIso|void
pat::Electron|float|ecalIso|void
pat::Electron|float|hcalIso|void
pat::Electron|float|caloIso|void
pat::Electron|reco::PFCandidateRef|pfCandidateRef|void
pat::Electron|double|dB|void
pat::Electron|const std::vector<std::pair<std::string, float>>&|electronIDs|void
pat::Lepton<reco::GsfElectron>|const reco::GenParticle*|genLepton|void
pat::PATObject<reco::GsfElectron>|const reco::Candidate*|originalObject|void
pat::PATObject<reco::GsfElectron>|const std::vector<TriggerObjectStandAlone >&|triggerObjectMatches|void
pat::PATObject<reco::GsfElectron>|const std::vector<TriggerObjectStandAlone >|triggerObjectMatchesByFilterID|const unsigned
pat::PATObject<reco::GsfElectron>|const std::vector<TriggerObjectStandAlone >|triggerObjectMatchesByCollection|const std::string&
pat::PATObject<reco::GsfElectron>|const std::vector<TriggerObjectStandAlone >|triggerObjectMatchesByFilter|const std::string&
pat::PATObject<reco::GsfElectron>|const std::vector<TriggerObjectStandAlone >|triggerObjectMatchesByPath|const std::string&
pat::PATObject<reco::GsfElectron>|const pat::LookupTableRecord&|efficiency|const std::string&
pat::PATObject<reco::GsfElectron>|reco::GenParticleRef|genParticleRef|size_t=0
pat::PATObject<reco::GsfElectron>|const reco::GenParticle*|genParticle|size_t=0
pat::PATObject<reco::GsfElectron>|size_t|genParticlesSize|void
pat::PATObject<reco::GsfElectron>|bool|hasOverlaps|const std::string&
pat::PATObject<reco::GsfElectron>|const reco::CandidatePtrVector&|overlaps|const std::string&
pat::PATObject<reco::GsfElectron>|bool|hasUserData|const std::string&
pat::PATObject<reco::GsfElectron>|const std::string&|userDataObjectType|const std::string&
pat::PATObject<reco::GsfElectron>|const void*|userDataBare|const std::string&
pat::PATObject<reco::GsfElectron>|float|userFloat|const std::string&
pat::PATObject<reco::GsfElectron>|bool|hasUserFloat|const std::string&
pat::PATObject<reco::GsfElectron>|int32_t|userInt|const std::string&
pat::PATObject<reco::GsfElectron>|bool|hasUserInt|const std::string&
pat::PATObject<reco::GsfElectron>|reco::CandidatePtr|userCand|const std::string&
pat::PATObject<reco::GsfElectron>|bool|hasUserCand|const std::string&
pat::PATObject<reco::GsfElectron>|const pat::CandKinResolution&|getKinResolution|const std::string&=""
pat::PATObject<reco::GsfElectron>|bool|hasKinResolution|const std::string&=""
pat::PATObject<reco::GsfElectron>|double|resolEta|const std::string&=""
pat::PATObject<reco::GsfElectron>|double|resolTheta|const std::string&=""
pat::PATObject<reco::GsfElectron>|double|resolPhi|const std::string&=""
pat::PATObject<reco::GsfElectron>|double|resolE|const std::string&=""
pat::PATObject<reco::GsfElectron>|double|resolEt|const std::string&=""
pat::PATObject<reco::GsfElectron>|double|resolP|const std::string&=""
pat::PATObject<reco::GsfElectron>|double|resolPt|const std::string&=""
pat::PATObject<reco::GsfElectron>|double|resolPInv|const std::string&=""
pat::PATObject<reco::GsfElectron>|double|resolPx|const std::string&=""
pat::PATObject<reco::GsfElectron>|double|resolPy|const std::string&=""
pat::PATObject<reco::GsfElectron>|double|resolPz|const std::string&=""
pat::PATObject<reco::GsfElectron>|double|resolM|const std::string&=""
pat::PATObject<reco::GsfElectron>|const edm::Ptr<reco::Candidate>&|originalObjectRef|void
pat::PATObject<reco::GsfElectron>|std::vector<std::pair<std::string, pat::LookupTableRecord> >|efficiencies|void
pat::PATObject<reco::GsfElectron>|const std::vector<std::string>&|efficiencyNames|void
pat::PATObject<reco::GsfElectron>|const std::vector<pat::LookupTableRecord>&|efficiencyValues|void
pat::PATObject<reco::GsfElectron>|std::vector<reco::GenParticleRef>|genParticleRefs|void
pat::PATObject<reco::GsfElectron>|const std::vector<std::string>&|overlapLabels|void
pat::PATObject<reco::GsfElectron>|template<typename T> const T*|userData|const std::string&
pat::PATObject<reco::GsfElectron>|const std::vector<std::string>&|userDataNames|void
pat::PATObject<reco::GsfElectron>|const std::vector<std::string>&|userFloatNames|void
pat::PATObject<reco::GsfElectron>|const std::vector<std::string>&|userIntNames|void
pat::PATObject<reco::GsfElectron>|const std::vector<std::string>&|userCandNames|void
reco::LeafCandidate|candidate::const_iterator|begin|void
reco::LeafCandidate|candidate::const_iterator|end|void
reco::Candidate|int|charge|void
reco::Candidate|int|threeCharge|void
reco::Candidate|const math::XYZTLorentzVector&|p4|void
reco::Candidate|const math::PtEtaPhiMLorentzVector&|polarP4|void
reco::Candidate|math::XYZVector|momentum|void
reco::Candidate|math::XYZVector|boostToCM|void
reco::Candidate|double|p|void
reco::Candidate|double|energy|void
reco::Candidate|double|et|void
reco::Candidate|double|mass|void
reco::Candidate|double|massSqr|void
reco::Candidate|double|mt|void
reco::Candidate|double|mtSqr|void
reco::Candidate|double|px|void
reco::Candidate|double|py|void
reco::Candidate|double|pz|void
reco::Candidate|double|pt|void
reco::Candidate|double|phi|void
reco::Candidate|double|theta|void
reco::Candidate|double|eta|void
reco::Candidate|double|rapidity|void
reco::Candidate|double|y|void
reco::Candidate|const math::XYZPoint&|vertex|void
reco::Candidate|double|vx|void
reco::Candidate|double|vy|void
reco::Candidate|double|vz|void
reco::Candidate|int|pdgId|void
reco::Candidate|int|status|void
reco::Candidate|bool|longLived|void
reco::Candidate|bool|massConstraint|void
