l1extra::L1EtMissParticle|EtMissType|type|void
l1extra::L1EtMissParticle|double|etMiss|void
l1extra::L1EtMissParticle|const double&|etTotal|void
l1extra::L1EtMissParticle|const L1GctEtMiss*|gctEtMiss|void
l1extra::L1EtMissParticle|const L1GctEtTotal*|gctEtTotal|void
l1extra::L1EtMissParticle|const L1GctHtMiss*|gctHtMiss|void
l1extra::L1EtMissParticle|const L1GctEtHad*|gctEtHad|void
l1extra::L1EtMissParticle|L1EtMissParticle*|clone|void
l1extra::L1EtMissParticle|int|bx|void
l1extra::L1EtMissParticle|const edm::Ref<L1GctEtMissCollection >&|gctEtMissRef|void
l1extra::L1EtMissParticle|const edm::Ref<L1GctEtTotalCollection >&|gctEtTotalRef|void
l1extra::L1EtMissParticle|const edm::Ref<L1GctHtMissCollection >&|gctHtMissRef|void
l1extra::L1EtMissParticle|const edm::Ref<L1GctEtHadCollection >&|gctEtHadRef|void
reco::LeafCandidate|candidate::const_iterator|begin|void
reco::LeafCandidate|candidate::const_iterator|end|void
reco::Candidate|int|charge|void
reco::Candidate|int|threeCharge|void
reco::Candidate|const math::XYZTLorentzVector&|p4|void
reco::Candidate|const math::PtEtaPhiMLorentzVector&|polarP4|void
reco::Candidate|math::XYZVector|momentum|void
reco::Candidate|math::XYZVector|boostToCM|void
reco::Candidate|double|p|void
reco::Candidate|double|energy|void
reco::Candidate|double|et|void
reco::Candidate|double|mass|void
reco::Candidate|double|massSqr|void
reco::Candidate|double|mt|void
reco::Candidate|double|mtSqr|void
reco::Candidate|double|px|void
reco::Candidate|double|py|void
reco::Candidate|double|pz|void
reco::Candidate|double|pt|void
reco::Candidate|double|phi|void
reco::Candidate|double|theta|void
reco::Candidate|double|eta|void
reco::Candidate|double|rapidity|void
reco::Candidate|double|y|void
reco::Candidate|const math::XYZPoint&|vertex|void
reco::Candidate|double|vx|void
reco::Candidate|double|vy|void
reco::Candidate|double|vz|void
reco::Candidate|int|pdgId|void
reco::Candidate|int|status|void
reco::Candidate|bool|longLived|void
reco::Candidate|bool|massConstraint|void
