reco::HcalNoiseHPD|int|idnumber|void
reco::HcalNoiseHPD|float|bigChargeTotal|void
reco::HcalNoiseHPD|float|bigChargeHighest2TS|void
reco::HcalNoiseHPD|float|bigChargeHighest3TS|void
reco::HcalNoiseHPD|float|big5ChargeTotal|void
reco::HcalNoiseHPD|float|big5ChargeHighest2TS|void
reco::HcalNoiseHPD|float|big5ChargeHighest3TS|void
reco::HcalNoiseHPD|int|totalZeros|void
reco::HcalNoiseHPD|int|maxZeros|void
reco::HcalNoiseHPD|float|recHitEnergy|float=1.5
reco::HcalNoiseHPD|float|minRecHitTime|float=10.0
reco::HcalNoiseHPD|float|maxRecHitTime|float=10.0
reco::HcalNoiseHPD|int|numRecHits|float=1.5
reco::HcalNoiseHPD|double|caloTowerHadE|void
reco::HcalNoiseHPD|double|caloTowerEmE|void
reco::HcalNoiseHPD|double|caloTowerTotalE|void
reco::HcalNoiseHPD|double|caloTowerEmFraction|void
reco::HcalNoiseHPD|const std::vector<float>|bigCharge|void
reco::HcalNoiseHPD|const std::vector<float>|big5Charge|void
reco::HcalNoiseHPD|const edm::RefVector<HBHERecHitCollection>|recHits|void
reco::HcalNoiseHPD|const edm::RefVector<CaloTowerCollection>|caloTowers|void
