reco::HitPattern|uint32_t|getHitPattern|int
reco::HitPattern|bool|hasValidHitInFirstPixelBarrel|void
reco::HitPattern|int|numberOfHits|void
reco::HitPattern|int|numberOfValidHits|void
reco::HitPattern|int|numberOfValidTrackerHits|void
reco::HitPattern|int|numberOfValidMuonHits|void
reco::HitPattern|int|numberOfValidPixelHits|void
reco::HitPattern|int|numberOfValidPixelBarrelHits|void
reco::HitPattern|int|numberOfValidPixelEndcapHits|void
reco::HitPattern|int|numberOfValidStripHits|void
reco::HitPattern|int|numberOfValidStripTIBHits|void
reco::HitPattern|int|numberOfValidStripTIDHits|void
reco::HitPattern|int|numberOfValidStripTOBHits|void
reco::HitPattern|int|numberOfValidStripTECHits|void
reco::HitPattern|int|numberOfValidMuonDTHits|void
reco::HitPattern|int|numberOfValidMuonCSCHits|void
reco::HitPattern|int|numberOfValidMuonRPCHits|void
reco::HitPattern|int|numberOfLostHits|void
reco::HitPattern|int|numberOfLostTrackerHits|void
reco::HitPattern|int|numberOfLostMuonHits|void
reco::HitPattern|int|numberOfLostPixelHits|void
reco::HitPattern|int|numberOfLostPixelBarrelHits|void
reco::HitPattern|int|numberOfLostPixelEndcapHits|void
reco::HitPattern|int|numberOfLostStripHits|void
reco::HitPattern|int|numberOfLostStripTIBHits|void
reco::HitPattern|int|numberOfLostStripTIDHits|void
reco::HitPattern|int|numberOfLostStripTOBHits|void
reco::HitPattern|int|numberOfLostStripTECHits|void
reco::HitPattern|int|numberOfLostMuonDTHits|void
reco::HitPattern|int|numberOfLostMuonCSCHits|void
reco::HitPattern|int|numberOfLostMuonRPCHits|void
reco::HitPattern|int|numberOfValidStripLayersWithMonoAndStereo|void
reco::HitPattern|int|trackerLayersWithMeasurement|void
reco::HitPattern|int|pixelLayersWithMeasurement|void
reco::HitPattern|int|stripLayersWithMeasurement|void
reco::HitPattern|int|pixelBarrelLayersWithMeasurement|void
reco::HitPattern|int|pixelEndcapLayersWithMeasurement|void
reco::HitPattern|int|stripTIBLayersWithMeasurement|void
reco::HitPattern|int|stripTIDLayersWithMeasurement|void
reco::HitPattern|int|stripTOBLayersWithMeasurement|void
reco::HitPattern|int|stripTECLayersWithMeasurement|void
reco::HitPattern|int|trackerLayersWithoutMeasurement|void
reco::HitPattern|int|pixelLayersWithoutMeasurement|void
reco::HitPattern|int|stripLayersWithoutMeasurement|void
reco::HitPattern|int|pixelBarrelLayersWithoutMeasurement|void
reco::HitPattern|int|pixelEndcapLayersWithoutMeasurement|void
reco::HitPattern|int|stripTIBLayersWithoutMeasurement|void
reco::HitPattern|int|stripTIDLayersWithoutMeasurement|void
reco::HitPattern|int|stripTOBLayersWithoutMeasurement|void
reco::HitPattern|int|stripTECLayersWithoutMeasurement|void
reco::HitPattern|int|trackerLayersTotallyOffOrBad|void
reco::HitPattern|int|pixelLayersTotallyOffOrBad|void
reco::HitPattern|int|stripLayersTotallyOffOrBad|void
reco::HitPattern|int|pixelBarrelLayersTotallyOffOrBad|void
reco::HitPattern|int|pixelEndcapLayersTotallyOffOrBad|void
reco::HitPattern|int|stripTIBLayersTotallyOffOrBad|void
reco::HitPattern|int|stripTIDLayersTotallyOffOrBad|void
reco::HitPattern|int|stripTOBLayersTotallyOffOrBad|void
reco::HitPattern|int|stripTECLayersTotallyOffOrBad|void
reco::HitPattern|int|trackerLayersNull|void
reco::HitPattern|int|pixelLayersNull|void
reco::HitPattern|int|stripLayersNull|void
reco::HitPattern|int|pixelBarrelLayersNull|void
reco::HitPattern|int|pixelEndcapLayersNull|void
reco::HitPattern|int|stripTIBLayersNull|void
reco::HitPattern|int|stripTIDLayersNull|void
reco::HitPattern|int|stripTOBLayersNull|void
reco::HitPattern|int|stripTECLayersNull|void
