reco::ClusterShape|double|eMax|void
reco::ClusterShape|double|e2nd|void
reco::ClusterShape|double|e2x2|void
reco::ClusterShape|double|e3x2|void
reco::ClusterShape|double|e3x3|void
reco::ClusterShape|double|e4x4|void
reco::ClusterShape|double|e5x5|void
reco::ClusterShape|double|e2x5Right|void
reco::ClusterShape|double|e2x5Left|void
reco::ClusterShape|double|e2x5Top|void
reco::ClusterShape|double|e2x5Bottom|void
reco::ClusterShape|double|e3x2Ratio|void
reco::ClusterShape|double|covEtaEta|void
reco::ClusterShape|double|covEtaPhi|void
reco::ClusterShape|double|covPhiPhi|void
reco::ClusterShape|double|lat|void
reco::ClusterShape|double|etaLat|void
reco::ClusterShape|double|phiLat|void
reco::ClusterShape|double|zernike20|void
reco::ClusterShape|double|zernike42|void
reco::ClusterShape|DetId|eMaxId|void
reco::ClusterShape|DetId|e2ndId|void
reco::ClusterShape|std::vector<double>|energyBasketFractionEta|void
reco::ClusterShape|std::vector<double>|energyBasketFractionPhi|void
