reco::PFCombinedTauTagInfo|const PFJetRef&|pfjetRef|void
reco::PFCombinedTauTagInfo|const edm::Ref<PFIsolatedTauTagInfoCollection>&|isolatedtautaginfoRef|void
reco::PFCombinedTauTagInfo|const PFCandidateRefVector&|PFChargedHadrCands|void
reco::PFCombinedTauTagInfo|const PFCandidateRefVector&|selectedPFChargedHadrCands|void
reco::PFCombinedTauTagInfo|const PFCandidateRefVector&|signalPFChargedHadrCands|void
reco::PFCombinedTauTagInfo|const PFCandidateRefVector&|isolPFChargedHadrCands|void
reco::PFCombinedTauTagInfo|PFCombinedTauTagInfo*|clone|void
reco::PFCombinedTauTagInfo|bool|selectedByPFChargedHadrCands|void
reco::PFCombinedTauTagInfo|bool|electronTagged|void
reco::PFCombinedTauTagInfo|bool|muonTagged|void
reco::PFCombinedTauTagInfo|double|leadPFChargedHadrCandsignedSipt|void
reco::PFCombinedTauTagInfo|double|leadPFChargedHadrCandsignedSip3D|void
reco::PFCombinedTauTagInfo|double|signedSflightpath|void
reco::PFCombinedTauTagInfo|double|PFChargedHadrCandsEtJetEtRatio|void
reco::PFCombinedTauTagInfo|double|PFNeutrHadrCandsE|void
reco::PFCombinedTauTagInfo|int|PFNeutrHadrCandsN|void
reco::PFCombinedTauTagInfo|double|PFNeutrHadrCandsRadius|void
reco::PFCombinedTauTagInfo|double|PFGammaCandsE|void
reco::PFCombinedTauTagInfo|double|isolPFGammaCandsE|void
reco::PFCombinedTauTagInfo|int|PFGammaCandsN|void
reco::PFCombinedTauTagInfo|double|PFGammaCandsRadius|void
reco::PFCombinedTauTagInfo|double|PFGammaCandsEJetalternatERatio|void
reco::PFCombinedTauTagInfo|double|isolPFGammaCandsEJetalternatERatio|void
reco::PFCombinedTauTagInfo|double|PFGammaCandsERatio|void
reco::PFCombinedTauTagInfo|math::XYZTLorentzVector|alternatLorentzVect|void
reco::PFCombinedTauTagInfo|double|ECALEtleadPFChargedHadrCandPtRatio|void
reco::PFCombinedTauTagInfo|double|HCALEtleadPFChargedHadrCandPtRatio|void
