reco::Photon|Photon*|clone|void
reco::Photon|reco::PhotonCoreRef|photonCore|void
reco::Photon|reco::SuperClusterRef|superCluster|void
reco::Photon|reco::ConversionRefVector|conversions|void
reco::Photon|bool|hasConversionTracks|void
reco::Photon|reco::ElectronSeedRefVector|electronPixelSeeds|void
reco::Photon|bool|hasPixelSeed|void
reco::Photon|math::XYZPoint|caloPosition|void
reco::Photon|bool|isPhoton|void
reco::Photon|bool|isEB|void
reco::Photon|bool|isEE|void
reco::Photon|bool|isEBGap|void
reco::Photon|bool|isEEGap|void
reco::Photon|bool|isEBEEGap|void
reco::Photon|float|hadronicOverEm|void
reco::Photon|float|hadronicDepth1OverEm|void
reco::Photon|float|hadronicDepth2OverEm|void
reco::Photon|float|e1x5|void
reco::Photon|float|e2x5|void
reco::Photon|float|e3x3|void
reco::Photon|float|e5x5|void
reco::Photon|float|maxEnergyXtal|void
reco::Photon|float|sigmaEtaEta|void
reco::Photon|float|sigmaIetaIeta|void
reco::Photon|float|r1x5|void
reco::Photon|float|r2x5|void
reco::Photon|float|r9|void
reco::Photon|float|ecalRecHitSumEtConeDR04|void
reco::Photon|float|hcalTowerSumEtConeDR04|void
reco::Photon|float|hcalDepth1TowerSumEtConeDR04|void
reco::Photon|float|hcalDepth2TowerSumEtConeDR04|void
reco::Photon|float|trkSumPtSolidConeDR04|void
reco::Photon|float|trkSumPtHollowConeDR04|void
reco::Photon|int|nTrkSolidConeDR04|void
reco::Photon|int|nTrkHollowConeDR04|void
reco::Photon|float|ecalRecHitSumEtConeDR03|void
reco::Photon|float|hcalTowerSumEtConeDR03|void
reco::Photon|float|hcalDepth1TowerSumEtConeDR03|void
reco::Photon|float|hcalDepth2TowerSumEtConeDR03|void
reco::Photon|float|trkSumPtSolidConeDR03|void
reco::Photon|float|trkSumPtHollowConeDR03|void
reco::Photon|int|nTrkSolidConeDR03|void
reco::Photon|int|nTrkHollowConeDR03|void
reco::RecoCandidate|reco::TrackRef|track|void
reco::RecoCandidate|reco::TrackRef|track|
reco::RecoCandidate|size_t|numberOfTracks|void
reco::RecoCandidate|reco::GsfTrackRef|gsfTrack|void
reco::RecoCandidate|reco::TrackRef|standAloneMuon|void
reco::RecoCandidate|reco::TrackRef|combinedMuon|void
reco::LeafCandidate|candidate::const_iterator|begin|void
reco::LeafCandidate|candidate::const_iterator|end|void
reco::Candidate|int|charge|void
reco::Candidate|int|threeCharge|void
reco::Candidate|const math::XYZTLorentzVector&|p4|void
reco::Candidate|const math::PtEtaPhiMLorentzVector&|polarP4|void
reco::Candidate|math::XYZVector|momentum|void
reco::Candidate|math::XYZVector|boostToCM|void
reco::Candidate|double|p|void
reco::Candidate|double|energy|void
reco::Candidate|double|et|void
reco::Candidate|double|mass|void
reco::Candidate|double|massSqr|void
reco::Candidate|double|mt|void
reco::Candidate|double|mtSqr|void
reco::Candidate|double|px|void
reco::Candidate|double|py|void
reco::Candidate|double|pz|void
reco::Candidate|double|pt|void
reco::Candidate|double|phi|void
reco::Candidate|double|theta|void
reco::Candidate|double|eta|void
reco::Candidate|double|rapidity|void
reco::Candidate|double|y|void
reco::Candidate|const math::XYZPoint&|vertex|void
reco::Candidate|double|vx|void
reco::Candidate|double|vy|void
reco::Candidate|double|vz|void
